[02Mar2025 00:00:21.904] [Server thread/INFO] [net.minecraft.world.entity.npc.Villager/]: Villager Villager['Villager'/8920, l='ServerLevel[world]', x=44.37, y=50.05, z=-881.50] died, message: 'Villager was killed by Potion using magic'
[02Mar2025 00:01:25.989] [Server thread/WARN] [net.minecraft.world.level.entity.PersistentEntitySectionManager/]: UUID of added entity already exists: FallingBlockEntity['Falling Hanging Coconut'/18743, l='ServerLevel[world]', x=112.50, y=74.00, z=-1003.50]
[02Mar2025 00:02:57.889] [Server thread/WARN] [net.minecraft.world.level.entity.PersistentEntitySectionManager/]: UUID of added entity already exists: FallingBlockEntity['Falling Hanging Coconut'/19102, l='ServerLevel[world]', x=136.50, y=73.00, z=-964.50]
[02Mar2025 00:03:12.627] [Server thread/INFO] [net.minecraft.server.MinecraftServer/]: Ninset6 has made the advancement [What a Deal!]
[02Mar2025 00:03:18.068] [Server thread/INFO] [net.minecraft.server.MinecraftServer/]: Lukitas024 has made the advancement [What a Deal!]
[02Mar2025 00:06:34.640] [Server thread/WARN] [net.minecraft.world.level.entity.PersistentEntitySectionManager/]: UUID of added entity already exists: FallingBlockEntity['Falling Hanging Coconut'/20083, l='ServerLevel[world]', x=100.50, y=72.00, z=-994.50]
[02Mar2025 00:07:34.817] [Server thread/INFO] [net.minecraft.server.MinecraftServer/]: Ninset6 has made the advancement [This Must be a Sign!]
[02Mar2025 00:10:36.839] [Server thread/WARN] [net.minecraft.world.level.entity.PersistentEntitySectionManager/]: UUID of added entity already exists: FallingBlockEntity['Falling Hanging Coconut'/21212, l='ServerLevel[world]', x=140.50, y=72.00, z=-974.50]
[02Mar2025 00:11:43.151] [Server thread/INFO] [net.minecraft.world.entity.npc.Villager/]: Villager Villager['Villager'/8855, l='ServerLevel[world]', x=48.13, y=66.50, z=-874.30] died, message: 'Villager was slain by Slugger'
[02Mar2025 00:11:48.053] [Server thread/INFO] [net.minecraft.world.entity.npc.Villager/]: Villager Villager['Villager'/8828, l='ServerLevel[world]', x=42.31, y=61.92, z=-874.69] died, message: 'Villager was pummeled by Lobber Zombie'
[02Mar2025 00:11:49.602] [Server thread/INFO] [net.minecraft.world.entity.npc.Villager/]: Villager Villager['Villager'/8857, l='ServerLevel[world]', x=48.95, y=65.00, z=-877.30] died, message: 'Villager was slain by Lobber Zombie'
[02Mar2025 00:12:04.652] [Server thread/INFO] [net.minecraft.world.entity.npc.Villager/]: Villager Villager['Fisherman'/8854, l='ServerLevel[world]', x=45.70, y=62.00, z=-877.68] died, message: 'Fisherman was slain by Zombie Villager'
[02Mar2025 00:12:59.909] [Server thread/INFO] [net.minecraft.world.entity.npc.Villager/]: Villager Villager['Villager'/8888, l='ServerLevel[world]', x=66.50, y=72.00, z=-891.30] died, message: 'Villager was slain by Swarmer'
[02Mar2025 00:20:21.441] [Server thread/WARN] [net.minecraft.world.level.entity.PersistentEntitySectionManager/]: UUID of added entity already exists: FallingBlockEntity['Falling Hanging Coconut'/23796, l='ServerLevel[world]', x=163.50, y=71.00, z=-961.50]
[02Mar2025 00:20:33.189] [Server thread/WARN] [net.minecraft.world.level.entity.PersistentEntitySectionManager/]: UUID of added entity already exists: FallingBlockEntity['Falling Hanging Coconut'/23853, l='ServerLevel[world]', x=144.50, y=69.00, z=-991.50]
[02Mar2025 00:22:47.000] [Server thread/INFO] [net.minecraft.server.players.PlayerList/]: gabiino[/10.244.201.19:50067] logged in with entity id 24355 at (43.577322615141966, 52.0, -884.5349771134489)
[02Mar2025 00:22:47.014] [Server thread/INFO] [net.minecraft.server.MinecraftServer/]: gabiino joined the game
[02Mar2025 00:38:40.487] [Server thread/INFO] [net.minecraft.server.MinecraftServer/]: gabiino has made the advancement [Monster Hunter]
[02Mar2025 00:38:40.488] [Server thread/INFO] [net.minecraft.world.entity.LivingEntity/]: Named entity Skeleton['Unlicensed Alchemist'/27866, l='ServerLevel[world]', x=39.53, y=49.00, z=-872.06] died: Unlicensed Alchemist was slain by gabiino
[02Mar2025 00:38:53.957] [Server thread/INFO] [net.minecraft.server.network.ServerGamePacketListenerImpl/]: Ninset6 lost connection: Timed out
[02Mar2025 00:38:53.957] [Server thread/INFO] [net.minecraft.server.MinecraftServer/]: Ninset6 left the game
[02Mar2025 00:44:55.407] [Server thread/INFO] [net.minecraft.world.entity.LivingEntity/]: Named entity Skeleton['Unlicensed Alchemist'/29061, l='ServerLevel[world]', x=68.74, y=44.53, z=-896.20] died: Unlicensed Alchemist was slain by gabiino
[02Mar2025 00:49:17.804] [Server thread/INFO] [net.minecraft.server.MinecraftServer/]: gabiino was slain by Drunken Villager
[02Mar2025 00:49:17.815] [Server thread/INFO] [tombstone/]: The player gabiino has successfully been saved
[02Mar2025 00:50:17.658] [Server thread/INFO] [net.minecraft.server.MinecraftServer/]: gabiino has made the advancement [Knowledge of Death]
[02Mar2025 00:50:17.659] [Server thread/INFO] [net.minecraft.server.MinecraftServer/]: gabiino has reached the goal [Chain Death]
[02Mar2025 00:50:17.659] [Server thread/INFO] [net.minecraft.server.MinecraftServer/]: gabiino was slain by Drunken Villager
[02Mar2025 00:50:17.677] [Server thread/INFO] [tombstone/]: The player gabiino has successfully been saved
[02Mar2025 00:50:31.163] [Server thread/INFO] [net.minecraft.server.MinecraftServer/]: gabiino has made the advancement [Knowledge raises the soul]
[02Mar2025 00:51:00.543] [Server thread/WARN] [net.minecraft.world.level.entity.PersistentEntitySectionManager/]: UUID of added entity already exists: FallingBlockEntity['Falling Hanging Coconut'/30874, l='ServerLevel[world]', x=143.50, y=69.00, z=-993.50]
[02Mar2025 00:51:26.001] [Server thread/INFO] [net.minecraft.server.MinecraftServer/]: gabiino was slain by Drunken Villager
[02Mar2025 00:51:26.013] [Server thread/INFO] [tombstone/]: The player gabiino has successfully been saved
[02Mar2025 00:51:29.087] [Server thread/INFO] [net.minecraft.world.entity.LivingEntity/]: Named entity Zombie['Drunken Villager'/29094, l='ServerLevel[world]', x=62.50, y=44.00, z=-901.44] died: Drunken Villager was slain by Lukitas024
[02Mar2025 00:51:31.564] [Server thread/INFO] [net.minecraft.world.entity.LivingEntity/]: Named entity Zombie['Drunken Villager'/29963, l='ServerLevel[world]', x=62.66, y=44.00, z=-901.85] died: Drunken Villager was slain by Lukitas024
[02Mar2025 00:51:32.808] [Server thread/INFO] [net.minecraft.world.entity.LivingEntity/]: Named entity Zombie['Drunken Villager'/30934, l='ServerLevel[world]', x=62.19, y=44.00, z=-901.85] died: Drunken Villager was slain by Lukitas024
[02Mar2025 00:51:32.810] [Server thread/INFO] [net.minecraft.world.entity.LivingEntity/]: Named entity Zombie['Drunken Villager'/30234, l='ServerLevel[world]', x=62.19, y=44.00, z=-901.85] died: Drunken Villager was slain by Lukitas024
[02Mar2025 00:51:32.812] [Server thread/INFO] [net.minecraft.server.MinecraftServer/]: Lukitas024 has reached the goal [Bone Crusher]
[02Mar2025 00:51:32.812] [Server thread/INFO] [net.minecraft.world.entity.LivingEntity/]: Named entity Zombie['Drunken Villager'/29148, l='ServerLevel[world]', x=62.66, y=44.00, z=-901.26] died: Drunken Villager was slain by Lukitas024
[02Mar2025 00:51:40.667] [Server thread/INFO] [net.minecraft.server.MinecraftServer/]: Lukitas024 has reached the goal [Strong or Careful]
[02Mar2025 00:51:40.667] [Server thread/INFO] [net.minecraft.server.MinecraftServer/]: Lukitas024 withered away whilst fighting Drunken Villager
[02Mar2025 00:51:40.676] [Server thread/INFO] [tombstone/]: The player Lukitas024 has successfully been saved
[02Mar2025 00:52:16.790] [Server thread/WARN] [net.minecraft.world.level.entity.PersistentEntitySectionManager/]: UUID of added entity already exists: FallingBlockEntity['Falling Hanging Coconut'/31287, l='ServerLevel[world]', x=108.50, y=73.00, z=-1015.50]
[02Mar2025 00:52:44.739] [Server thread/WARN] [net.minecraft.world.level.entity.PersistentEntitySectionManager/]: UUID of added entity already exists: FallingBlockEntity['Falling Hanging Coconut'/31339, l='ServerLevel[world]', x=108.50, y=73.00, z=-1013.50]
[02Mar2025 00:52:50.250] [Server thread/INFO] [net.minecraft.server.MinecraftServer/]: gabiino was slain by Drunken Villager
[02Mar2025 00:52:50.260] [Server thread/INFO] [tombstone/]: The player gabiino has successfully been saved
[02Mar2025 00:52:51.436] [Server thread/INFO] [net.minecraft.world.entity.LivingEntity/]: Named entity Zombie['Drunken Villager'/29149, l='ServerLevel[world]', x=62.42, y=44.00, z=-901.50] died: Drunken Villager was slain by Lukitas024
[02Mar2025 00:52:52.562] [Server thread/INFO] [net.minecraft.world.entity.LivingEntity/]: Named entity Zombie['Drunken Villager'/29397, l='ServerLevel[world]', x=62.22, y=44.00, z=-900.11] died: Drunken Villager was slain by Lukitas024
[02Mar2025 00:52:54.561] [Server thread/INFO] [net.minecraft.world.entity.LivingEntity/]: Named entity Zombie['Drunken Villager'/31273, l='ServerLevel[world]', x=62.45, y=44.00, z=-901.49] died: Drunken Villager was slain by Lukitas024
[02Mar2025 00:52:55.207] [Server thread/INFO] [net.minecraft.world.entity.LivingEntity/]: Named entity Zombie['Drunken Villager'/29655, l='ServerLevel[world]', x=62.17, y=44.00, z=-901.85] died: Drunken Villager was slain by Lukitas024
[02Mar2025 00:53:02.057] [Server thread/INFO] [net.minecraft.server.MinecraftServer/]: Lukitas024 withered away
[02Mar2025 00:53:02.064] [Server thread/INFO] [tombstone/]: The player Lukitas024 has successfully been saved
[02Mar2025 00:53:33.439] [Server thread/WARN] [net.minecraft.world.level.entity.PersistentEntitySectionManager/]: UUID of added entity already exists: FallingBlockEntity['Falling Hanging Coconut'/31609, l='ServerLevel[world]', x=121.50, y=73.00, z=-1011.50]
[02Mar2025 00:53:38.354] [Server thread/INFO] [net.minecraft.server.MinecraftServer/]: gabiino was slain by Drunken Villager
[02Mar2025 00:53:38.362] [Server thread/INFO] [tombstone/]: The player gabiino has successfully been saved
[02Mar2025 00:53:38.871] [Server thread/INFO] [net.minecraft.world.entity.LivingEntity/]: Named entity Zombie['Drunken Villager'/31576, l='ServerLevel[world]', x=57.74, y=44.00, z=-895.67] died: Drunken Villager was slain by Lukitas024
[02Mar2025 00:53:41.016] [Server thread/INFO] [net.minecraft.world.entity.LivingEntity/]: Named entity Zombie['Drunken Villager'/31575, l='ServerLevel[world]', x=56.72, y=44.00, z=-896.23] died: Drunken Villager was slain by Lukitas024
[02Mar2025 00:53:49.216] [Server thread/INFO] [net.minecraft.world.entity.LivingEntity/]: Named entity Zombie['Drunken Villager'/31607, l='ServerLevel[world]', x=62.63, y=44.00, z=-901.85] died: Drunken Villager was slain by Lukitas024
[02Mar2025 00:53:58.110] [Server thread/INFO] [net.minecraft.server.MinecraftServer/]: Lukitas024 was slain by Drunken Villager
[02Mar2025 00:53:58.125] [Server thread/INFO] [tombstone/]: The player Lukitas024 has successfully been saved
[02Mar2025 00:54:23.605] [Server thread/INFO] [net.minecraft.server.MinecraftServer/]: gabiino was slain by Drunken Villager
[02Mar2025 00:54:23.619] [Server thread/INFO] [tombstone/]: The player gabiino has successfully been saved
[02Mar2025 00:54:39.216] [Server thread/INFO] [net.minecraft.world.entity.LivingEntity/]: Named entity Zombie['Drunken Villager'/29760, l='ServerLevel[world]', x=66.63, y=44.00, z=-903.25] died: Drunken Villager was slain by Lukitas024
[02Mar2025 00:54:43.543] [Server thread/WARN] [net.minecraft.world.level.entity.PersistentEntitySectionManager/]: UUID of added entity already exists: FallingBlockEntity['Falling Hanging Coconut'/31950, l='ServerLevel[world]', x=106.50, y=73.00, z=-1014.50]
[02Mar2025 00:55:32.507] [Server thread/INFO] [net.minecraft.server.MinecraftServer/]: Lukitas024 was slain by Drunken Villager
[02Mar2025 00:55:32.522] [Server thread/INFO] [tombstone/]: The player Lukitas024 has successfully been saved
[02Mar2025 00:55:32.820] [Server thread/INFO] [net.minecraft.server.MinecraftServer/]: gabiino has made the advancement [Suit Up]
[02Mar2025 00:55:51.151] [Server thread/INFO] [net.minecraft.world.entity.npc.Villager/]: Villager Villager['Fletcher'/8856, l='ServerLevel[world]', x=67.36, y=75.90, z=-883.91] died, message: 'Fletcher was slain by Zombie'
[02Mar2025 00:55:57.855] [Server thread/INFO] [net.minecraft.world.entity.npc.Villager/]: Villager Villager['Fletcher'/8852, l='ServerLevel[world]', x=67.36, y=75.90, z=-883.91] died, message: 'Fletcher was slain by Zombie'
[02Mar2025 00:56:03.253] [Server thread/INFO] [net.minecraft.world.entity.npc.Villager/]: Villager Villager['Fletcher'/8853, l='ServerLevel[world]', x=57.64, y=75.90, z=-882.59] died, message: 'Fletcher was slain by Zombie'
[02Mar2025 00:56:07.351] [Server thread/INFO] [net.minecraft.world.entity.npc.Villager/]: Villager Villager['Villager'/8898, l='ServerLevel[world]', x=57.00, y=75.90, z=-882.12] died, message: 'Villager was slain by Sprinter'
[02Mar2025 00:56:48.507] [Server thread/INFO] [net.minecraft.server.MinecraftServer/]: gabiino has completed the challenge [Your dad after a night out with his co-workers]
[02Mar2025 00:57:17.111] [Server thread/WARN] [net.minecraft.server.network.ServerGamePacketListenerImpl/]: gabiino moved wrongly!
[02Mar2025 00:58:37.616] [Server thread/INFO] [net.minecraft.server.MinecraftServer/]: gabiino has made the advancement [A Strange Grave Dust]
[02Mar2025 01:04:55.605] [pool-6-thread-1/INFO] [Supplementaries/]: Searching for closest structure among [ResourceKey[minecraft:worldgen/structure / minecraft:village_plains], ResourceKey[minecraft:worldgen/structure / minecraft:village_snowy], ResourceKey[minecraft:worldgen/structure / minecraft:village_taiga], ResourceKey[minecraft:worldgen/structure / minecraft:village_savanna], ResourceKey[minecraft:worldgen/structure / minecraft:village_desert]] from pos BlockPos{x=-197, y=74, z=-773}
[02Mar2025 01:04:58.320] [Server thread/WARN] [net.minecraft.server.MinecraftServer/]: Can't keep up! Is the server overloaded? Running 2684ms or 53 ticks behind
[02Mar2025 01:04:58.399] [Server thread/WARN] [net.minecraft.server.network.ServerGamePacketListenerImpl/]: gabiino moved too quickly! -10.065007802242697,-0.7531999805212024,-1.8371376088703073
[02Mar2025 01:05:13.789] [Worker-Main-2/ERROR] [net.minecraft.world.entity.decoration.HangingEntity/]: Hanging entity at invalid position: BlockPos{x=8, y=-59, z=79}
[02Mar2025 01:05:19.362] [Worker-Main-2/ERROR] [net.minecraft.world.entity.decoration.HangingEntity/]: Hanging entity at invalid position: BlockPos{x=8, y=-59, z=83}
[02Mar2025 01:05:19.362] [Worker-Main-2/ERROR] [net.minecraft.world.entity.decoration.HangingEntity/]: Hanging entity at invalid position: BlockPos{x=8, y=-59, z=87}
[02Mar2025 01:05:19.363] [Worker-Main-2/ERROR] [net.minecraft.world.entity.decoration.HangingEntity/]: Hanging entity at invalid position: BlockPos{x=8, y=-59, z=91}
[02Mar2025 01:05:19.363] [Worker-Main-2/ERROR] [net.minecraft.world.entity.decoration.HangingEntity/]: Hanging entity at invalid position: BlockPos{x=8, y=-59, z=95}
[02Mar2025 01:05:33.321] [Worker-Main-3/ERROR] [net.minecraft.world.entity.decoration.HangingEntity/]: Hanging entity at invalid position: BlockPos{x=8, y=-59, z=99}
[02Mar2025 01:05:33.322] [Worker-Main-3/ERROR] [net.minecraft.world.entity.decoration.HangingEntity/]: Hanging entity at invalid position: BlockPos{x=8, y=-59, z=103}
[02Mar2025 01:05:33.322] [Worker-Main-3/ERROR] [net.minecraft.world.entity.decoration.HangingEntity/]: Hanging entity at invalid position: BlockPos{x=8, y=-59, z=107}
[02Mar2025 01:05:33.322] [Worker-Main-3/ERROR] [net.minecraft.world.entity.decoration.HangingEntity/]: Hanging entity at invalid position: BlockPos{x=8, y=-59, z=111}
[02Mar2025 01:08:30.511] [Server thread/INFO] [net.minecraft.server.MinecraftServer/]: gabiino has made the advancement [Best Friends Forever]
[02Mar2025 01:10:28.353] [Server thread/INFO] [net.minecraft.server.MinecraftServer/]: gabiino was slain by Nightmare Stalker
[02Mar2025 01:10:28.363] [Server thread/INFO] [tombstone/]: The player gabiino has successfully been saved
[02Mar2025 01:13:54.348] [Server thread/INFO] [net.minecraft.server.MinecraftServer/]: gabiino has made the advancement [The Parrots and the Bats]
[02Mar2025 01:19:55.617] [Server thread/INFO] [net.minecraft.server.network.ServerGamePacketListenerImpl/]: Lukitas024 lost connection: Disconnected
[02Mar2025 01:19:55.618] [Server thread/INFO] [net.minecraft.server.MinecraftServer/]: Lukitas024 left the game
[02Mar2025 01:24:38.452] [Server thread/INFO] [net.minecraft.server.network.ServerGamePacketListenerImpl/]: gabiino lost connection: Timed out
[02Mar2025 01:24:38.452] [Server thread/INFO] [net.minecraft.server.MinecraftServer/]: gabiino left the game
[02Mar2025 01:29:23.255] [Server thread/INFO] [net.minecraft.server.players.PlayerList/]: Ninset6[/10.244.199.158:55110] logged in with entity id 39292 at (63.677926815916734, 75.0, -877.0057766971325)
[02Mar2025 01:29:23.271] [Server thread/INFO] [net.minecraft.server.MinecraftServer/]: Ninset6 joined the game
[02Mar2025 01:30:48.650] [Server thread/INFO] [net.minecraft.server.network.ServerGamePacketListenerImpl/]: Ninset6 lost connection: Disconnected
[02Mar2025 01:30:48.650] [Server thread/INFO] [net.minecraft.server.MinecraftServer/]: Ninset6 left the game
[02Mar2025 01:46:32.664] [Server thread/INFO] [net.minecraft.server.players.PlayerList/]: Lukitas024[/10.244.154.143:63779] logged in with entity id 39826 at (61.836231759141015, 77.0, -887.3221453810463)
[02Mar2025 01:46:32.675] [Server thread/INFO] [net.minecraft.server.MinecraftServer/]: Lukitas024 joined the game
[02Mar2025 01:48:04.020] [Server thread/INFO] [net.minecraft.server.players.PlayerList/]: Ninset6[/10.244.199.158:56396] logged in with entity id 40431 at (62.00888745552253, 76.0, -881.8190007945245)
[02Mar2025 01:48:04.032] [Server thread/INFO] [net.minecraft.server.MinecraftServer/]: Ninset6 joined the game
[02Mar2025 01:49:13.646] [Server thread/INFO] [net.minecraft.server.MinecraftServer/]: Lukitas024 has made the advancement [When in Rome]
[02Mar2025 01:52:04.571] [Server thread/INFO] [net.minecraft.server.players.PlayerList/]: gabiino[/10.244.201.19:58897] logged in with entity id 41552 at (65.69999998807907, 76.0, -888.6019753587232)
[02Mar2025 01:52:04.581] [Server thread/INFO] [net.minecraft.server.MinecraftServer/]: gabiino joined the game
[02Mar2025 01:52:14.161] [Server thread/INFO] [net.minecraft.server.network.ServerGamePacketListenerImpl/]: Lukitas024 lost connection: Disconnected
[02Mar2025 01:52:14.162] [Server thread/INFO] [net.minecraft.server.MinecraftServer/]: Lukitas024 left the game
[02Mar2025 01:52:28.006] [Server thread/INFO] [net.minecraft.server.MinecraftServer/]: Ninset6 has made the advancement [When in Rome]
[02Mar2025 01:56:22.258] [Server thread/INFO] [net.minecraft.server.network.ServerGamePacketListenerImpl/]: Ninset6 lost connection: Disconnected
[02Mar2025 01:56:22.258] [Server thread/INFO] [net.minecraft.server.MinecraftServer/]: Ninset6 left the game
[02Mar2025 01:58:57.368] [Server thread/INFO] [net.minecraft.server.players.PlayerList/]: Ninset6[/10.244.199.158:57048] logged in with entity id 42970 at (101.62435708743533, 46.0, -744.4089448688727)
[02Mar2025 01:58:57.379] [Server thread/INFO] [net.minecraft.server.MinecraftServer/]: Ninset6 joined the game
[02Mar2025 02:00:55.750] [Server thread/INFO] [net.minecraft.server.players.PlayerList/]: Lukitas024[/10.244.154.143:64841] logged in with entity id 43484 at (45.689245127559026, 67.0, -762.3004399407926)
[02Mar2025 02:00:55.760] [Server thread/INFO] [net.minecraft.server.MinecraftServer/]: Lukitas024 joined the game
[02Mar2025 02:04:09.367] [Server thread/INFO] [net.minecraft.server.MinecraftServer/]: Ninset6 has made the advancement [Vampire Slayer]
[02Mar2025 02:04:10.676] [Server thread/INFO] [net.minecraft.server.MinecraftServer/]: Lukitas024 has made the advancement [Vampire Slayer]
[02Mar2025 02:05:04.814] [Server thread/INFO] [net.minecraft.server.MinecraftServer/]: Ninset6 has reached the goal [Strong or Careful]
[02Mar2025 02:05:04.815] [Server thread/INFO] [net.minecraft.server.MinecraftServer/]: Ninset6 was slain by Zombie
[02Mar2025 02:05:04.824] [Server thread/INFO] [tombstone/]: The player Ninset6 has successfully been saved
[02Mar2025 02:09:26.268] [Server thread/INFO] [net.minecraft.server.MinecraftServer/]: Ninset6 was slain by Zombie
[02Mar2025 02:09:26.285] [Server thread/INFO] [tombstone/]: The player Ninset6 has successfully been saved
[02Mar2025 02:11:44.573] [Server thread/INFO] [net.minecraft.server.MinecraftServer/]: Ninset6 has made the advancement [Your First Receptacle]
[02Mar2025 02:13:33.709] [Server thread/INFO] [net.minecraft.server.MinecraftServer/]: Lukitas024 has made the advancement [This Must be a Sign!]
[02Mar2025 02:14:01.123] [Server thread/INFO] [net.minecraft.server.MinecraftServer/]: Ninset6 has made the advancement [A Strange Grave Dust]
[02Mar2025 02:14:04.411] [Server thread/INFO] [net.minecraft.server.MinecraftServer/]: Ninset6 was slain by Corpse Maggot
[02Mar2025 02:14:04.420] [Server thread/INFO] [tombstone/]: The player Ninset6 has successfully been saved
[02Mar2025 02:14:44.878] [Server thread/INFO] [net.minecraft.server.MinecraftServer/]: Ninset6 has reached the goal [Bone Crusher]
[02Mar2025 02:19:02.812] [Server thread/INFO] [net.minecraft.server.MinecraftServer/]: Ninset6 was slain by Skeleton
[02Mar2025 02:19:02.821] [Server thread/INFO] [tombstone/]: The player Ninset6 has successfully been saved
[02Mar2025 02:21:39.261] [Server thread/INFO] [net.minecraft.server.MinecraftServer/]: gabiino was shot by Skeleton
[02Mar2025 02:21:39.271] [Server thread/INFO] [tombstone/]: The player gabiino has successfully been saved
[02Mar2025 02:23:38.214] [Server thread/INFO] [net.minecraft.server.network.ServerGamePacketListenerImpl/]: gabiino lost connection: Timed out
[02Mar2025 02:23:38.214] [Server thread/INFO] [net.minecraft.server.MinecraftServer/]: gabiino left the game
[02Mar2025 02:25:17.468] [Server thread/INFO] [net.minecraft.server.players.PlayerList/]: gabiino[/10.244.201.19:62177] logged in with entity id 49872 at (-1.733554491637239, 64.0, -652.0812058990718)
[02Mar2025 02:25:17.479] [Server thread/INFO] [net.minecraft.server.MinecraftServer/]: gabiino joined the game
[02Mar2025 02:25:21.158] [Server thread/INFO] [net.minecraft.server.MinecraftServer/]: gabiino was slain by Dread Hound
[02Mar2025 02:25:21.170] [Server thread/INFO] [tombstone/]: The player gabiino has successfully been saved
[02Mar2025 02:27:01.462] [Server thread/INFO] [net.minecraft.server.MinecraftServer/]: gabiino has made the advancement [When in Rome]
[02Mar2025 02:34:28.758] [Server thread/INFO] [net.minecraft.server.MinecraftServer/]: gabiino has made the advancement [Diamonds!]
[02Mar2025 02:36:25.081] [Worker-Main-104/ERROR] [net.minecraft.world.entity.decoration.HangingEntity/]: Hanging entity at invalid position: BlockPos{x=-284, y=26, z=-592}
[02Mar2025 02:36:25.082] [Worker-Main-104/ERROR] [net.minecraft.world.entity.decoration.HangingEntity/]: Hanging entity at invalid position: BlockPos{x=-284, y=27, z=-592}
[02Mar2025 02:36:25.082] [Worker-Main-104/ERROR] [net.minecraft.world.entity.decoration.HangingEntity/]: Hanging entity at invalid position: BlockPos{x=-275, y=27, z=-591}
[02Mar2025 02:36:25.147] [Worker-Main-104/ERROR] [net.minecraft.world.entity.decoration.HangingEntity/]: Hanging entity at invalid position: BlockPos{x=-373, y=27, z=-561}
[02Mar2025 02:36:25.214] [Worker-Main-101/ERROR] [net.minecraft.world.entity.decoration.HangingEntity/]: Hanging entity at invalid position: BlockPos{x=-371, y=27, z=-561}
[02Mar2025 02:36:25.214] [Worker-Main-101/ERROR] [net.minecraft.world.entity.decoration.HangingEntity/]: Hanging entity at invalid position: BlockPos{x=-372, y=27, z=-561}
[02Mar2025 02:36:27.776] [Server thread/INFO] [net.minecraft.server.MinecraftServer/]: gabiino has made the advancement [The Lighthouse]
[02Mar2025 02:36:29.480] [Worker-Main-134/ERROR] [net.minecraft.world.entity.decoration.HangingEntity/]: Hanging entity at invalid position: BlockPos{x=-276, y=27, z=-610}
[02Mar2025 02:36:29.517] [Worker-Main-105/ERROR] [net.minecraft.world.entity.decoration.HangingEntity/]: Hanging entity at invalid position: BlockPos{x=-282, y=35, z=-587}
[02Mar2025 02:36:32.527] [Worker-Main-105/ERROR] [net.minecraft.world.entity.decoration.HangingEntity/]: Hanging entity at invalid position: BlockPos{x=-276, y=27, z=-610}
[02Mar2025 02:36:44.536] [Server thread/WARN] [net.minecraft.world.level.entity.PersistentEntitySectionManager/]: UUID of added entity already exists: FallingBlockEntity['Falling Hanging Coconut'/56179, l='ServerLevel[world]', x=108.50, y=73.00, z=-1014.50]
[02Mar2025 02:37:45.493] [Server thread/WARN] [net.minecraft.world.level.entity.PersistentEntitySectionManager/]: UUID of added entity already exists: FallingBlockEntity['Falling Hanging Coconut'/57177, l='ServerLevel[world]', x=85.50, y=72.00, z=-1117.50]
[02Mar2025 02:37:48.992] [Server thread/WARN] [net.minecraft.world.level.entity.PersistentEntitySectionManager/]: UUID of added entity already exists: FallingBlockEntity['Falling Hanging Coconut'/57209, l='ServerLevel[world]', x=106.50, y=71.00, z=-1116.50]
[02Mar2025 02:38:01.140] [Server thread/WARN] [net.minecraft.world.level.entity.PersistentEntitySectionManager/]: UUID of added entity already exists: FallingBlockEntity['Falling Hanging Coconut'/57266, l='ServerLevel[world]', x=129.50, y=72.00, z=-1057.50]
[02Mar2025 02:38:11.141] [Server thread/WARN] [net.minecraft.world.level.entity.PersistentEntitySectionManager/]: UUID of added entity already exists: FallingBlockEntity['Falling Hanging Coconut'/57318, l='ServerLevel[world]', x=212.50, y=70.00, z=-1107.50]
[02Mar2025 02:38:18.242] [Server thread/WARN] [net.minecraft.world.level.entity.PersistentEntitySectionManager/]: UUID of added entity already exists: FallingBlockEntity['Falling Hanging Coconut'/57353, l='ServerLevel[world]', x=94.50, y=73.00, z=-1195.50]
[02Mar2025 02:38:19.091] [Server thread/WARN] [net.minecraft.world.level.entity.PersistentEntitySectionManager/]: UUID of added entity already exists: FallingBlockEntity['Falling Hanging Coconut'/57358, l='ServerLevel[world]', x=98.50, y=73.00, z=-1195.50]
[02Mar2025 02:38:30.142] [Server thread/WARN] [net.minecraft.world.level.entity.PersistentEntitySectionManager/]: UUID of added entity already exists: FallingBlockEntity['Falling Hanging Coconut'/57449, l='ServerLevel[world]', x=238.50, y=74.00, z=-1023.50]
[02Mar2025 02:39:01.893] [Server thread/WARN] [net.minecraft.world.level.entity.PersistentEntitySectionManager/]: UUID of added entity already exists: FallingBlockEntity['Falling Hanging Coconut'/57637, l='ServerLevel[world]', x=129.50, y=74.00, z=-1020.50]
[02Mar2025 02:39:03.294] [Server thread/WARN] [net.minecraft.world.level.entity.PersistentEntitySectionManager/]: UUID of added entity already exists: FallingBlockEntity['Falling Hanging Coconut'/57642, l='ServerLevel[world]', x=142.50, y=73.00, z=-1124.50]
[02Mar2025 02:39:05.590] [Server thread/WARN] [net.minecraft.world.level.entity.PersistentEntitySectionManager/]: UUID of added entity already exists: FallingBlockEntity['Falling Hanging Coconut'/57653, l='ServerLevel[world]', x=141.50, y=73.00, z=-1126.50]
[02Mar2025 02:39:08.840] [Server thread/WARN] [net.minecraft.world.level.entity.PersistentEntitySectionManager/]: UUID of added entity already exists: FallingBlockEntity['Falling Hanging Coconut'/57678, l='ServerLevel[world]', x=153.50, y=73.00, z=-1141.50]
[02Mar2025 02:39:20.340] [Server thread/WARN] [net.minecraft.world.level.entity.PersistentEntitySectionManager/]: UUID of added entity already exists: FallingBlockEntity['Falling Hanging Coconut'/57734, l='ServerLevel[world]', x=120.50, y=73.00, z=-1010.50]
[02Mar2025 02:39:32.792] [Server thread/WARN] [net.minecraft.world.level.entity.PersistentEntitySectionManager/]: UUID of added entity already exists: FallingBlockEntity['Falling Hanging Coconut'/57803, l='ServerLevel[world]', x=57.50, y=70.00, z=-1174.50]
[02Mar2025 02:39:37.492] [Server thread/WARN] [net.minecraft.world.level.entity.PersistentEntitySectionManager/]: UUID of added entity already exists: FallingBlockEntity['Falling Hanging Coconut'/57816, l='ServerLevel[world]', x=69.50, y=70.00, z=-1176.50]
[02Mar2025 02:39:47.591] [Server thread/WARN] [net.minecraft.world.level.entity.PersistentEntitySectionManager/]: UUID of added entity already exists: FallingBlockEntity['Falling Hanging Coconut'/57903, l='ServerLevel[world]', x=127.50, y=72.00, z=-1058.50]
[02Mar2025 02:39:59.491] [Server thread/WARN] [net.minecraft.world.level.entity.PersistentEntitySectionManager/]: UUID of added entity already exists: FallingBlockEntity['Falling Hanging Coconut'/58007, l='ServerLevel[world]', x=152.50, y=73.00, z=-1028.50]
[02Mar2025 02:40:10.639] [Server thread/WARN] [net.minecraft.world.level.entity.PersistentEntitySectionManager/]: UUID of added entity already exists: FallingBlockEntity['Falling Hanging Coconut'/58074, l='ServerLevel[world]', x=55.50, y=76.00, z=-1026.50]
[02Mar2025 02:40:19.593] [Server thread/WARN] [net.minecraft.world.level.entity.PersistentEntitySectionManager/]: UUID of added entity already exists: FallingBlockEntity['Falling Hanging Coconut'/58151, l='ServerLevel[world]', x=140.50, y=70.00, z=-1027.50]
[02Mar2025 02:40:23.195] [Server thread/WARN] [net.minecraft.world.level.entity.PersistentEntitySectionManager/]: UUID of added entity already exists: FallingBlockEntity['Falling Hanging Coconut'/58171, l='ServerLevel[world]', x=99.50, y=73.00, z=-1196.50]
[02Mar2025 02:40:27.092] [Server thread/WARN] [net.minecraft.world.level.entity.PersistentEntitySectionManager/]: UUID of added entity already exists: FallingBlockEntity['Falling Hanging Coconut'/58199, l='ServerLevel[world]', x=210.50, y=70.00, z=-1108.50]
[02Mar2025 02:40:29.591] [Server thread/WARN] [net.minecraft.world.level.entity.PersistentEntitySectionManager/]: UUID of added entity already exists: FallingBlockEntity['Falling Hanging Coconut'/58220, l='ServerLevel[world]', x=119.50, y=73.00, z=-1012.50]
[02Mar2025 02:40:44.940] [Server thread/WARN] [net.minecraft.world.level.entity.PersistentEntitySectionManager/]: UUID of added entity already exists: FallingBlockEntity['Falling Hanging Coconut'/58286, l='ServerLevel[world]', x=192.50, y=71.00, z=-1135.50]
[02Mar2025 02:41:07.791] [Server thread/WARN] [net.minecraft.world.level.entity.PersistentEntitySectionManager/]: UUID of added entity already exists: FallingBlockEntity['Falling Hanging Coconut'/58447, l='ServerLevel[world]', x=239.50, y=74.00, z=-1022.50]
[02Mar2025 02:41:09.341] [Server thread/WARN] [net.minecraft.world.level.entity.PersistentEntitySectionManager/]: UUID of added entity already exists: FallingBlockEntity['Falling Hanging Coconut'/58453, l='ServerLevel[world]', x=169.50, y=70.00, z=-1100.50]
[02Mar2025 02:41:12.741] [Server thread/WARN] [net.minecraft.world.level.entity.PersistentEntitySectionManager/]: UUID of added entity already exists: FallingBlockEntity['Falling Hanging Coconut'/58476, l='ServerLevel[world]', x=210.50, y=70.00, z=-1109.50]
[02Mar2025 02:41:14.140] [Server thread/WARN] [net.minecraft.world.level.entity.PersistentEntitySectionManager/]: UUID of added entity already exists: FallingBlockEntity['Falling Hanging Coconut'/58482, l='ServerLevel[world]', x=142.50, y=73.00, z=-1126.50]
[02Mar2025 02:41:16.093] [Server thread/WARN] [net.minecraft.world.level.entity.PersistentEntitySectionManager/]: UUID of added entity already exists: FallingBlockEntity['Falling Hanging Coconut'/58524, l='ServerLevel[world]', x=140.50, y=73.00, z=-1124.50]
[02Mar2025 02:41:16.341] [Server thread/WARN] [net.minecraft.world.level.entity.PersistentEntitySectionManager/]: UUID of added entity already exists: FallingBlockEntity['Falling Hanging Coconut'/58525, l='ServerLevel[world]', x=144.50, y=69.00, z=-992.50]
[02Mar2025 02:41:20.942] [Server thread/WARN] [net.minecraft.world.level.entity.PersistentEntitySectionManager/]: UUID of added entity already exists: FallingBlockEntity['Falling Hanging Coconut'/58562, l='ServerLevel[world]', x=205.50, y=72.00, z=-1104.50]
[02Mar2025 02:41:24.199] [Server thread/WARN] [net.minecraft.world.level.entity.PersistentEntitySectionManager/]: UUID of added entity already exists: FallingBlockEntity['Falling Hanging Coconut'/58575, l='ServerLevel[world]', x=212.50, y=70.00, z=-1109.50]
[02Mar2025 02:41:30.740] [Server thread/WARN] [net.minecraft.world.level.entity.PersistentEntitySectionManager/]: UUID of added entity already exists: FallingBlockEntity['Falling Hanging Coconut'/58601, l='ServerLevel[world]', x=168.50, y=70.00, z=-1100.50]
[02Mar2025 02:41:32.890] [Server thread/WARN] [net.minecraft.world.level.entity.PersistentEntitySectionManager/]: UUID of added entity already exists: FallingBlockEntity['Falling Hanging Coconut'/58623, l='ServerLevel[world]', x=159.50, y=72.00, z=-1113.50]
[02Mar2025 02:41:38.441] [Server thread/WARN] [net.minecraft.world.level.entity.PersistentEntitySectionManager/]: UUID of added entity already exists: FallingBlockEntity['Falling Hanging Coconut'/58652, l='ServerLevel[world]', x=179.50, y=73.00, z=-1104.50]
[02Mar2025 02:41:39.040] [Server thread/WARN] [net.minecraft.world.level.entity.PersistentEntitySectionManager/]: UUID of added entity already exists: FallingBlockEntity['Falling Hanging Coconut'/58655, l='ServerLevel[world]', x=187.50, y=69.00, z=-1123.50]
[02Mar2025 02:41:42.092] [Server thread/WARN] [net.minecraft.world.level.entity.PersistentEntitySectionManager/]: UUID of added entity already exists: FallingBlockEntity['Falling Hanging Coconut'/58670, l='ServerLevel[world]', x=98.50, y=73.00, z=-1197.50]
[02Mar2025 02:41:48.043] [Server thread/WARN] [net.minecraft.world.level.entity.PersistentEntitySectionManager/]: UUID of added entity already exists: FallingBlockEntity['Falling Hanging Coconut'/58706, l='ServerLevel[world]', x=172.50, y=70.00, z=-1152.50]
[02Mar2025 02:41:51.092] [Server thread/WARN] [net.minecraft.world.level.entity.PersistentEntitySectionManager/]: UUID of added entity already exists: FallingBlockEntity['Falling Hanging Coconut'/58726, l='ServerLevel[world]', x=211.50, y=70.00, z=-1107.50]
[02Mar2025 02:42:09.842] [Server thread/WARN] [net.minecraft.world.level.entity.PersistentEntitySectionManager/]: UUID of added entity already exists: FallingBlockEntity['Falling Hanging Coconut'/58857, l='ServerLevel[world]', x=209.50, y=72.00, z=-1114.50]
[02Mar2025 02:42:21.241] [Server thread/WARN] [net.minecraft.world.level.entity.PersistentEntitySectionManager/]: UUID of added entity already exists: FallingBlockEntity['Falling Hanging Coconut'/58920, l='ServerLevel[world]', x=178.50, y=73.00, z=-1104.50]
[02Mar2025 02:42:38.142] [Server thread/WARN] [net.minecraft.world.level.entity.PersistentEntitySectionManager/]: UUID of added entity already exists: FallingBlockEntity['Falling Hanging Coconut'/59022, l='ServerLevel[world]', x=186.50, y=69.00, z=-1097.50]
[02Mar2025 02:42:43.542] [Server thread/WARN] [net.minecraft.world.level.entity.PersistentEntitySectionManager/]: UUID of added entity already exists: FallingBlockEntity['Falling Hanging Coconut'/59047, l='ServerLevel[world]', x=161.50, y=72.00, z=-1115.50]
[02Mar2025 02:43:02.793] [Server thread/WARN] [net.minecraft.world.level.entity.PersistentEntitySectionManager/]: UUID of added entity already exists: FallingBlockEntity['Falling Hanging Coconut'/59144, l='ServerLevel[world]', x=55.50, y=76.00, z=-1028.50]
[02Mar2025 02:43:12.742] [Server thread/WARN] [net.minecraft.world.level.entity.PersistentEntitySectionManager/]: UUID of added entity already exists: FallingBlockEntity['Falling Hanging Coconut'/59214, l='ServerLevel[world]', x=125.50, y=74.00, z=-1028.50]
[02Mar2025 02:43:14.693] [Server thread/WARN] [net.minecraft.world.level.entity.PersistentEntitySectionManager/]: UUID of added entity already exists: FallingBlockEntity['Falling Hanging Coconut'/59221, l='ServerLevel[world]', x=233.50, y=72.00, z=-906.50]
[02Mar2025 02:43:19.992] [Server thread/WARN] [net.minecraft.world.level.entity.PersistentEntitySectionManager/]: UUID of added entity already exists: FallingBlockEntity['Falling Hanging Coconut'/59248, l='ServerLevel[world]', x=129.50, y=72.00, z=-1058.50]
[02Mar2025 02:43:28.441] [Server thread/WARN] [net.minecraft.world.level.entity.PersistentEntitySectionManager/]: UUID of added entity already exists: FallingBlockEntity['Falling Hanging Coconut'/59294, l='ServerLevel[world]', x=205.50, y=72.00, z=-1102.50]
[02Mar2025 02:43:33.542] [Server thread/WARN] [net.minecraft.world.level.entity.PersistentEntitySectionManager/]: UUID of added entity already exists: FallingBlockEntity['Falling Hanging Coconut'/59329, l='ServerLevel[world]', x=125.50, y=74.00, z=-1027.50]
[02Mar2025 02:43:35.892] [Server thread/WARN] [net.minecraft.world.level.entity.PersistentEntitySectionManager/]: UUID of added entity already exists: FallingBlockEntity['Falling Hanging Coconut'/59346, l='ServerLevel[world]', x=224.50, y=71.00, z=-1127.50]
[02Mar2025 02:43:38.992] [Server thread/WARN] [net.minecraft.world.level.entity.PersistentEntitySectionManager/]: UUID of added entity already exists: FallingBlockEntity['Falling Hanging Coconut'/59374, l='ServerLevel[world]', x=58.50, y=70.00, z=-1176.50]
[02Mar2025 02:43:48.343] [Server thread/WARN] [net.minecraft.world.level.entity.PersistentEntitySectionManager/]: UUID of added entity already exists: FallingBlockEntity['Falling Hanging Coconut'/59443, l='ServerLevel[world]', x=178.50, y=73.00, z=-1105.50]
[02Mar2025 02:43:53.994] [Server thread/WARN] [net.minecraft.world.level.entity.PersistentEntitySectionManager/]: UUID of added entity already exists: FallingBlockEntity['Falling Hanging Coconut'/59464, l='ServerLevel[world]', x=83.50, y=72.00, z=-1116.50]
[02Mar2025 02:43:54.643] [Server thread/WARN] [net.minecraft.world.level.entity.PersistentEntitySectionManager/]: UUID of added entity already exists: FallingBlockEntity['Falling Hanging Coconut'/59468, l='ServerLevel[world]', x=130.50, y=74.00, z=-1019.50]
[02Mar2025 02:43:54.793] [Server thread/WARN] [net.minecraft.world.level.entity.PersistentEntitySectionManager/]: UUID of added entity already exists: FallingBlockEntity['Falling Hanging Coconut'/59469, l='ServerLevel[world]', x=174.50, y=70.00, z=-1152.50]
[02Mar2025 02:43:57.143] [Server thread/WARN] [net.minecraft.world.level.entity.PersistentEntitySectionManager/]: UUID of added entity already exists: FallingBlockEntity['Falling Hanging Coconut'/59481, l='ServerLevel[world]', x=84.50, y=74.00, z=-1167.50]
[02Mar2025 02:44:00.544] [Server thread/WARN] [net.minecraft.world.level.entity.PersistentEntitySectionManager/]: UUID of added entity already exists: FallingBlockEntity['Falling Hanging Coconut'/59493, l='ServerLevel[world]', x=170.50, y=70.00, z=-1102.50]
[02Mar2025 02:44:06.392] [Server thread/WARN] [net.minecraft.world.level.entity.PersistentEntitySectionManager/]: UUID of added entity already exists: FallingBlockEntity['Falling Hanging Coconut'/59526, l='ServerLevel[world]', x=222.50, y=72.00, z=-891.50]
[02Mar2025 02:44:08.241] [Server thread/WARN] [net.minecraft.world.level.entity.PersistentEntitySectionManager/]: UUID of added entity already exists: FallingBlockEntity['Falling Hanging Coconut'/59534, l='ServerLevel[world]', x=221.50, y=72.00, z=-891.50]
[02Mar2025 02:44:16.791] [Server thread/WARN] [net.minecraft.world.level.entity.PersistentEntitySectionManager/]: UUID of added entity already exists: FallingBlockEntity['Falling Hanging Coconut'/59565, l='ServerLevel[world]', x=85.50, y=74.00, z=-1167.50]
[02Mar2025 02:44:17.195] [Server thread/WARN] [net.minecraft.world.level.entity.PersistentEntitySectionManager/]: UUID of added entity already exists: FallingBlockEntity['Falling Hanging Coconut'/59567, l='ServerLevel[world]', x=127.50, y=72.00, z=-1057.50]
[02Mar2025 02:44:19.142] [Server thread/WARN] [net.minecraft.world.level.entity.PersistentEntitySectionManager/]: UUID of added entity already exists: FallingBlockEntity['Falling Hanging Coconut'/59576, l='ServerLevel[world]', x=56.50, y=76.00, z=-1026.50]
[02Mar2025 02:44:22.741] [Server thread/WARN] [net.minecraft.world.level.entity.PersistentEntitySectionManager/]: UUID of added entity already exists: FallingBlockEntity['Falling Hanging Coconut'/59595, l='ServerLevel[world]', x=210.50, y=72.00, z=-1115.50]
[02Mar2025 02:44:31.442] [Server thread/WARN] [net.minecraft.world.level.entity.PersistentEntitySectionManager/]: UUID of added entity already exists: FallingBlockEntity['Falling Hanging Coconut'/59631, l='ServerLevel[world]', x=161.50, y=72.00, z=-1113.50]
[02Mar2025 02:44:37.891] [Server thread/WARN] [net.minecraft.world.level.entity.PersistentEntitySectionManager/]: UUID of added entity already exists: FallingBlockEntity['Falling Hanging Coconut'/59652, l='ServerLevel[world]', x=120.50, y=73.00, z=-1012.50]
[02Mar2025 02:44:40.045] [Server thread/WARN] [net.minecraft.world.level.entity.PersistentEntitySectionManager/]: UUID of added entity already exists: FallingBlockEntity['Falling Hanging Coconut'/59663, l='ServerLevel[world]', x=240.50, y=74.00, z=-1024.50]
[02Mar2025 02:44:59.242] [Server thread/WARN] [net.minecraft.world.level.entity.PersistentEntitySectionManager/]: UUID of added entity already exists: FallingBlockEntity['Falling Hanging Coconut'/59804, l='ServerLevel[world]', x=106.50, y=71.00, z=-1115.50]
[02Mar2025 02:45:04.768] [Server thread/INFO] [net.minecraft.server.network.ServerGamePacketListenerImpl/]: gabiino lost connection: Timed out
[02Mar2025 02:45:04.768] [Server thread/INFO] [net.minecraft.server.MinecraftServer/]: gabiino left the game
[02Mar2025 02:45:35.682] [Server thread/INFO] [net.minecraft.server.players.PlayerList/]: gabiino[/10.244.201.19:64207] logged in with entity id 59944 at (130.30000001192093, 108.0, -1080.7035051708829)
[02Mar2025 02:45:35.691] [Server thread/INFO] [net.minecraft.server.MinecraftServer/]: gabiino joined the game
[02Mar2025 02:45:39.292] [Server thread/WARN] [net.minecraft.world.level.entity.PersistentEntitySectionManager/]: UUID of added entity already exists: FallingBlockEntity['Falling Hanging Coconut'/60171, l='ServerLevel[world]', x=94.50, y=73.00, z=-1197.50]
[02Mar2025 02:45:44.992] [Server thread/WARN] [net.minecraft.world.level.entity.PersistentEntitySectionManager/]: UUID of added entity already exists: FallingBlockEntity['Falling Hanging Coconut'/60188, l='ServerLevel[world]', x=85.50, y=72.00, z=-1115.50]
[02Mar2025 02:45:46.793] [Server thread/WARN] [net.minecraft.world.level.entity.PersistentEntitySectionManager/]: UUID of added entity already exists: FallingBlockEntity['Falling Hanging Coconut'/60193, l='ServerLevel[world]', x=210.50, y=72.00, z=-1136.50]
[02Mar2025 02:45:51.443] [Server thread/WARN] [net.minecraft.world.level.entity.PersistentEntitySectionManager/]: UUID of added entity already exists: FallingBlockEntity['Falling Hanging Coconut'/60215, l='ServerLevel[world]', x=211.50, y=70.00, z=-1109.50]
[02Mar2025 02:45:56.042] [Server thread/WARN] [net.minecraft.world.level.entity.PersistentEntitySectionManager/]: UUID of added entity already exists: FallingBlockEntity['Falling Hanging Coconut'/60237, l='ServerLevel[world]', x=209.50, y=72.00, z=-1136.50]
[02Mar2025 02:46:09.242] [Server thread/WARN] [net.minecraft.world.level.entity.PersistentEntitySectionManager/]: UUID of added entity already exists: FallingBlockEntity['Falling Hanging Coconut'/60270, l='ServerLevel[world]', x=193.50, y=71.00, z=-1135.50]
[02Mar2025 02:46:17.198] [Server thread/WARN] [net.minecraft.world.level.entity.PersistentEntitySectionManager/]: UUID of added entity already exists: FallingBlockEntity['Falling Hanging Coconut'/60310, l='ServerLevel[world]', x=138.50, y=70.00, z=-1029.50]
[02Mar2025 02:46:18.839] [Server thread/WARN] [net.minecraft.world.level.entity.PersistentEntitySectionManager/]: UUID of added entity already exists: FallingBlockEntity['Falling Hanging Coconut'/60321, l='ServerLevel[world]', x=211.50, y=72.00, z=-1114.50]
[02Mar2025 02:46:24.392] [Server thread/WARN] [net.minecraft.world.level.entity.PersistentEntitySectionManager/]: UUID of added entity already exists: FallingBlockEntity['Falling Hanging Coconut'/60340, l='ServerLevel[world]', x=129.50, y=72.00, z=-1056.50]
[02Mar2025 02:46:32.544] [Server thread/WARN] [net.minecraft.world.level.entity.PersistentEntitySectionManager/]: UUID of added entity already exists: FallingBlockEntity['Falling Hanging Coconut'/60368, l='ServerLevel[world]', x=210.50, y=73.00, z=-1097.50]
[02Mar2025 02:46:32.743] [Server thread/WARN] [net.minecraft.world.level.entity.PersistentEntitySectionManager/]: UUID of added entity already exists: FallingBlockEntity['Falling Hanging Coconut'/60371, l='ServerLevel[world]', x=68.50, y=70.00, z=-1175.50]
[02Mar2025 02:46:42.593] [Server thread/WARN] [net.minecraft.world.level.entity.PersistentEntitySectionManager/]: UUID of added entity already exists: FallingBlockEntity['Falling Hanging Coconut'/60425, l='ServerLevel[world]', x=129.50, y=74.00, z=-1021.50]
[02Mar2025 02:46:51.735] [Server thread/INFO] [net.minecraft.server.MinecraftServer/]: Lukitas024 has reached the goal [Hunted]
[02Mar2025 02:46:55.291] [Server thread/WARN] [net.minecraft.world.level.entity.PersistentEntitySectionManager/]: UUID of added entity already exists: FallingBlockEntity['Falling Hanging Coconut'/60507, l='ServerLevel[world]', x=191.50, y=71.00, z=-1136.50]
[02Mar2025 02:47:00.342] [Server thread/WARN] [net.minecraft.world.level.entity.PersistentEntitySectionManager/]: UUID of added entity already exists: FallingBlockEntity['Falling Hanging Coconut'/60529, l='ServerLevel[world]', x=93.50, y=73.00, z=-1197.50]
[02Mar2025 02:47:02.793] [Server thread/WARN] [net.minecraft.world.level.entity.PersistentEntitySectionManager/]: UUID of added entity already exists: FallingBlockEntity['Falling Hanging Coconut'/60538, l='ServerLevel[world]', x=131.50, y=74.00, z=-1021.50]
[02Mar2025 02:47:09.442] [Server thread/WARN] [net.minecraft.world.level.entity.PersistentEntitySectionManager/]: UUID of added entity already exists: FallingBlockEntity['Falling Hanging Coconut'/60586, l='ServerLevel[world]', x=210.50, y=73.00, z=-1099.50]
[02Mar2025 02:47:11.941] [Server thread/WARN] [net.minecraft.world.level.entity.PersistentEntitySectionManager/]: UUID of added entity already exists: FallingBlockEntity['Falling Hanging Coconut'/60611, l='ServerLevel[world]', x=142.50, y=73.00, z=-1125.50]
[02Mar2025 02:47:32.942] [Server thread/WARN] [net.minecraft.world.level.entity.PersistentEntitySectionManager/]: UUID of added entity already exists: FallingBlockEntity['Falling Hanging Coconut'/60730, l='ServerLevel[world]', x=191.50, y=71.00, z=-1137.50]
[02Mar2025 02:47:50.340] [Server thread/WARN] [net.minecraft.world.level.entity.PersistentEntitySectionManager/]: UUID of added entity already exists: FallingBlockEntity['Falling Hanging Coconut'/60800, l='ServerLevel[world]', x=55.50, y=76.00, z=-1027.50]
[02Mar2025 02:48:06.444] [Server thread/WARN] [net.minecraft.world.level.entity.PersistentEntitySectionManager/]: UUID of added entity already exists: FallingBlockEntity['Falling Hanging Coconut'/60909, l='ServerLevel[world]', x=174.50, y=70.00, z=-1151.50]
[02Mar2025 02:48:20.943] [Server thread/WARN] [net.minecraft.world.level.entity.PersistentEntitySectionManager/]: UUID of added entity already exists: FallingBlockEntity['Falling Hanging Coconut'/61003, l='ServerLevel[world]', x=106.50, y=71.00, z=-1114.50]
[02Mar2025 02:48:40.892] [Server thread/WARN] [net.minecraft.world.level.entity.PersistentEntitySectionManager/]: UUID of added entity already exists: FallingBlockEntity['Falling Hanging Coconut'/61145, l='ServerLevel[world]', x=148.50, y=69.00, z=-1042.50]
[02Mar2025 02:48:54.242] [Server thread/WARN] [net.minecraft.world.level.entity.PersistentEntitySectionManager/]: UUID of added entity already exists: FallingBlockEntity['Falling Hanging Coconut'/61194, l='ServerLevel[world]', x=127.50, y=72.00, z=-1056.50]
[02Mar2025 02:48:56.641] [Server thread/WARN] [net.minecraft.world.level.entity.PersistentEntitySectionManager/]: UUID of added entity already exists: FallingBlockEntity['Falling Hanging Coconut'/61196, l='ServerLevel[world]', x=83.50, y=72.00, z=-1115.50]
[02Mar2025 02:49:11.640] [Server thread/WARN] [net.minecraft.world.level.entity.PersistentEntitySectionManager/]: UUID of added entity already exists: FallingBlockEntity['Falling Hanging Coconut'/61276, l='ServerLevel[world]', x=211.50, y=73.00, z=-1099.50]
[02Mar2025 02:49:25.040] [Server thread/WARN] [net.minecraft.world.level.entity.PersistentEntitySectionManager/]: UUID of added entity already exists: FallingBlockEntity['Falling Hanging Coconut'/61337, l='ServerLevel[world]', x=170.50, y=70.00, z=-1101.50]
[02Mar2025 02:49:31.492] [Server thread/WARN] [net.minecraft.world.level.entity.PersistentEntitySectionManager/]: UUID of added entity already exists: FallingBlockEntity['Falling Hanging Coconut'/61364, l='ServerLevel[world]', x=152.50, y=73.00, z=-1027.50]
[02Mar2025 02:49:39.794] [Server thread/WARN] [net.minecraft.world.level.entity.PersistentEntitySectionManager/]: UUID of added entity already exists: FallingBlockEntity['Falling Hanging Coconut'/61404, l='ServerLevel[world]', x=203.50, y=72.00, z=-1103.50]
[02Mar2025 02:50:13.342] [Server thread/WARN] [net.minecraft.world.level.entity.PersistentEntitySectionManager/]: UUID of added entity already exists: FallingBlockEntity['Falling Hanging Coconut'/61767, l='ServerLevel[world]', x=85.50, y=74.00, z=-1169.50]
[02Mar2025 02:50:15.344] [Server thread/WARN] [net.minecraft.world.level.entity.PersistentEntitySectionManager/]: UUID of added entity already exists: FallingBlockEntity['Falling Hanging Coconut'/61787, l='ServerLevel[world]', x=208.50, y=72.00, z=-1136.50]
[02Mar2025 02:50:57.541] [Server thread/WARN] [net.minecraft.world.level.entity.PersistentEntitySectionManager/]: UUID of added entity already exists: FallingBlockEntity['Falling Hanging Coconut'/62031, l='ServerLevel[world]', x=150.50, y=73.00, z=-1027.50]
[02Mar2025 02:51:00.439] [Server thread/WARN] [net.minecraft.world.level.entity.PersistentEntitySectionManager/]: UUID of added entity already exists: FallingBlockEntity['Falling Hanging Coconut'/62055, l='ServerLevel[world]', x=209.50, y=73.00, z=-1098.50]
[02Mar2025 02:51:31.243] [Server thread/WARN] [net.minecraft.world.level.entity.PersistentEntitySectionManager/]: UUID of added entity already exists: FallingBlockEntity['Falling Hanging Coconut'/62245, l='ServerLevel[world]', x=191.50, y=71.00, z=-1135.50]
[02Mar2025 02:51:49.739] [Server thread/WARN] [net.minecraft.world.level.entity.PersistentEntitySectionManager/]: UUID of added entity already exists: FallingBlockEntity['Falling Hanging Coconut'/62355, l='ServerLevel[world]', x=69.50, y=70.00, z=-1175.50]
[02Mar2025 02:51:49.741] [Server thread/WARN] [net.minecraft.world.level.entity.PersistentEntitySectionManager/]: UUID of added entity already exists: FallingBlockEntity['Falling Hanging Coconut'/62356, l='ServerLevel[world]', x=123.50, y=74.00, z=-1026.50]
[02Mar2025 02:51:53.392] [Server thread/WARN] [net.minecraft.world.level.entity.PersistentEntitySectionManager/]: UUID of added entity already exists: FallingBlockEntity['Falling Hanging Coconut'/62390, l='ServerLevel[world]', x=204.50, y=72.00, z=-1104.50]
[02Mar2025 02:52:14.790] [Server thread/WARN] [net.minecraft.world.level.entity.PersistentEntitySectionManager/]: UUID of added entity already exists: FallingBlockEntity['Falling Hanging Coconut'/62480, l='ServerLevel[world]', x=131.50, y=74.00, z=-1020.50]
[02Mar2025 02:52:29.091] [Server thread/WARN] [net.minecraft.world.level.entity.PersistentEntitySectionManager/]: UUID of added entity already exists: FallingBlockEntity['Falling Hanging Coconut'/62544, l='ServerLevel[world]', x=153.50, y=73.00, z=-1143.50]
[02Mar2025 02:52:49.390] [Server thread/WARN] [net.minecraft.world.level.entity.PersistentEntitySectionManager/]: UUID of added entity already exists: FallingBlockEntity['Falling Hanging Coconut'/62654, l='ServerLevel[world]', x=68.50, y=70.00, z=-1177.50]
[02Mar2025 02:52:59.292] [Server thread/WARN] [net.minecraft.world.level.entity.PersistentEntitySectionManager/]: UUID of added entity already exists: FallingBlockEntity['Falling Hanging Coconut'/62680, l='ServerLevel[world]', x=151.50, y=73.00, z=-1141.50]
[02Mar2025 02:53:12.744] [Server thread/WARN] [net.minecraft.world.level.entity.PersistentEntitySectionManager/]: UUID of added entity already exists: FallingBlockEntity['Falling Hanging Coconut'/62730, l='ServerLevel[world]', x=149.50, y=69.00, z=-1042.50]
[02Mar2025 02:53:19.776] [Server thread/INFO] [net.minecraft.server.MinecraftServer/]: gabiino has made the advancement [Sea? Not a Problem]
[02Mar2025 02:53:42.090] [Server thread/WARN] [net.minecraft.world.level.entity.PersistentEntitySectionManager/]: UUID of added entity already exists: FallingBlockEntity['Falling Hanging Coconut'/62885, l='ServerLevel[world]', x=238.50, y=74.00, z=-1024.50]
[02Mar2025 02:53:51.666] [Server thread/INFO] [net.minecraft.server.network.ServerGamePacketListenerImpl/]: gabiino lost connection: Timed out
[02Mar2025 02:53:51.666] [Server thread/INFO] [net.minecraft.server.MinecraftServer/]: gabiino left the game
[02Mar2025 02:54:33.630] [Server thread/INFO] [net.minecraft.server.players.PlayerList/]: gabiino[/10.244.201.19:65128] logged in with entity id 63108 at (171.50650981127853, 62.65409159709843, -1047.1790086821989)
[02Mar2025 02:54:33.641] [Server thread/INFO] [net.minecraft.server.MinecraftServer/]: gabiino joined the game
[02Mar2025 02:54:47.392] [Server thread/WARN] [net.minecraft.world.level.entity.PersistentEntitySectionManager/]: UUID of added entity already exists: FallingBlockEntity['Falling Hanging Coconut'/63314, l='ServerLevel[world]', x=193.50, y=71.00, z=-1136.50]
[02Mar2025 02:55:02.072] [Server thread/INFO] [net.minecraft.server.MinecraftServer/]: gabiino has made the advancement [Amateur Archaeologist]
[02Mar2025 02:55:38.942] [Server thread/WARN] [net.minecraft.world.level.entity.PersistentEntitySectionManager/]: UUID of added entity already exists: FallingBlockEntity['Falling Hanging Coconut'/63573, l='ServerLevel[world]', x=230.50, y=71.00, z=-985.50]
[02Mar2025 02:55:52.741] [Server thread/WARN] [net.minecraft.world.level.entity.PersistentEntitySectionManager/]: UUID of added entity already exists: FallingBlockEntity['Falling Hanging Coconut'/63634, l='ServerLevel[world]', x=221.50, y=72.00, z=-893.50]
[02Mar2025 02:55:57.994] [Server thread/WARN] [net.minecraft.world.level.entity.PersistentEntitySectionManager/]: UUID of added entity already exists: FallingBlockEntity['Falling Hanging Coconut'/63661, l='ServerLevel[world]', x=160.50, y=72.00, z=-1115.50]
[02Mar2025 02:56:04.292] [Server thread/WARN] [net.minecraft.world.level.entity.PersistentEntitySectionManager/]: UUID of added entity already exists: FallingBlockEntity['Falling Hanging Coconut'/63722, l='ServerLevel[world]', x=231.50, y=74.00, z=-1002.50]
[02Mar2025 02:56:05.713] [Server thread/INFO] [net.minecraft.server.MinecraftServer/]: Lukitas024 has made the advancement [The Lighthouse]
[02Mar2025 02:56:15.520] [Worker-Main-101/ERROR] [net.minecraft.world.entity.decoration.HangingEntity/]: Hanging entity at invalid position: BlockPos{x=-371, y=27, z=-561}
[02Mar2025 02:56:15.521] [Worker-Main-101/ERROR] [net.minecraft.world.entity.decoration.HangingEntity/]: Hanging entity at invalid position: BlockPos{x=-372, y=27, z=-561}
[02Mar2025 02:56:15.521] [Worker-Main-101/ERROR] [net.minecraft.world.entity.decoration.HangingEntity/]: Hanging entity at invalid position: BlockPos{x=-373, y=27, z=-561}
[02Mar2025 02:56:17.243] [Worker-Main-104/ERROR] [net.minecraft.world.entity.decoration.HangingEntity/]: Hanging entity at invalid position: BlockPos{x=-364, y=26, z=-630}
[02Mar2025 02:56:17.243] [Worker-Main-104/ERROR] [net.minecraft.world.entity.decoration.HangingEntity/]: Hanging entity at invalid position: BlockPos{x=-364, y=26, z=-631}
[02Mar2025 02:56:17.244] [Worker-Main-104/ERROR] [net.minecraft.world.entity.decoration.HangingEntity/]: Hanging entity at invalid position: BlockPos{x=-362, y=26, z=-631}
[02Mar2025 02:56:17.244] [Worker-Main-104/ERROR] [net.minecraft.world.entity.decoration.HangingEntity/]: Hanging entity at invalid position: BlockPos{x=-362, y=26, z=-629}
[02Mar2025 02:56:17.245] [Worker-Main-104/ERROR] [net.minecraft.world.entity.decoration.HangingEntity/]: Hanging entity at invalid position: BlockPos{x=-356, y=26, z=-626}
[02Mar2025 02:56:17.245] [Worker-Main-104/ERROR] [net.minecraft.world.entity.decoration.HangingEntity/]: Hanging entity at invalid position: BlockPos{x=-355, y=26, z=-628}
[02Mar2025 02:56:17.246] [Worker-Main-104/ERROR] [net.minecraft.world.entity.decoration.HangingEntity/]: Hanging entity at invalid position: BlockPos{x=-354, y=26, z=-626}
[02Mar2025 02:56:17.246] [Worker-Main-104/ERROR] [net.minecraft.world.entity.decoration.HangingEntity/]: Hanging entity at invalid position: BlockPos{x=-364, y=26, z=-623}
[02Mar2025 02:56:17.246] [Worker-Main-104/ERROR] [net.minecraft.world.entity.decoration.HangingEntity/]: Hanging entity at invalid position: BlockPos{x=-362, y=26, z=-622}
[02Mar2025 02:56:17.247] [Worker-Main-104/ERROR] [net.minecraft.world.entity.decoration.HangingEntity/]: Hanging entity at invalid position: BlockPos{x=-362, y=26, z=-623}
[02Mar2025 02:56:17.247] [Worker-Main-104/ERROR] [net.minecraft.world.entity.decoration.HangingEntity/]: Hanging entity at invalid position: BlockPos{x=-354, y=26, z=-622}
[02Mar2025 02:56:17.247] [Worker-Main-104/ERROR] [net.minecraft.world.entity.decoration.HangingEntity/]: Hanging entity at invalid position: BlockPos{x=-355, y=26, z=-622}
[02Mar2025 02:56:17.248] [Worker-Main-104/ERROR] [net.minecraft.world.entity.decoration.HangingEntity/]: Hanging entity at invalid position: BlockPos{x=-355, y=26, z=-620}
[02Mar2025 02:56:17.248] [Worker-Main-104/ERROR] [net.minecraft.world.entity.decoration.HangingEntity/]: Hanging entity at invalid position: BlockPos{x=-356, y=26, z=-620}
[02Mar2025 02:56:17.300] [Worker-Main-134/ERROR] [net.minecraft.world.entity.decoration.HangingEntity/]: Hanging entity at invalid position: BlockPos{x=-365, y=26, z=-615}
[02Mar2025 02:56:17.300] [Worker-Main-134/ERROR] [net.minecraft.world.entity.decoration.HangingEntity/]: Hanging entity at invalid position: BlockPos{x=-364, y=26, z=-609}
[02Mar2025 02:56:17.300] [Worker-Main-134/ERROR] [net.minecraft.world.entity.decoration.HangingEntity/]: Hanging entity at invalid position: BlockPos{x=-366, y=26, z=-609}
[02Mar2025 02:56:17.301] [Worker-Main-134/ERROR] [net.minecraft.world.entity.decoration.HangingEntity/]: Hanging entity at invalid position: BlockPos{x=-366, y=26, z=-613}
[02Mar2025 02:56:17.301] [Worker-Main-134/ERROR] [net.minecraft.world.entity.decoration.HangingEntity/]: Hanging entity at invalid position: BlockPos{x=-365, y=26, z=-613}
[02Mar2025 02:56:17.302] [Worker-Main-134/ERROR] [net.minecraft.world.entity.decoration.HangingEntity/]: Hanging entity at invalid position: BlockPos{x=-364, y=26, z=-613}
[02Mar2025 02:56:17.302] [Worker-Main-134/ERROR] [net.minecraft.world.entity.decoration.HangingEntity/]: Hanging entity at invalid position: BlockPos{x=-358, y=26, z=-614}
[02Mar2025 02:56:17.303] [Worker-Main-134/ERROR] [net.minecraft.world.entity.decoration.HangingEntity/]: Hanging entity at invalid position: BlockPos{x=-358, y=26, z=-615}
[02Mar2025 02:56:17.303] [Worker-Main-134/ERROR] [net.minecraft.world.entity.decoration.HangingEntity/]: Hanging entity at invalid position: BlockPos{x=-358, y=26, z=-616}
[02Mar2025 02:56:17.304] [Worker-Main-134/ERROR] [net.minecraft.world.entity.decoration.HangingEntity/]: Hanging entity at invalid position: BlockPos{x=-356, y=26, z=-615}
[02Mar2025 02:56:17.304] [Worker-Main-134/ERROR] [net.minecraft.world.entity.decoration.HangingEntity/]: Hanging entity at invalid position: BlockPos{x=-356, y=26, z=-614}
[02Mar2025 02:56:17.305] [Worker-Main-134/ERROR] [net.minecraft.world.entity.decoration.HangingEntity/]: Hanging entity at invalid position: BlockPos{x=-365, y=26, z=-607}
[02Mar2025 02:56:17.306] [Worker-Main-134/ERROR] [net.minecraft.world.entity.decoration.HangingEntity/]: Hanging entity at invalid position: BlockPos{x=-358, y=26, z=-606}
[02Mar2025 02:56:17.307] [Worker-Main-134/ERROR] [net.minecraft.world.entity.decoration.HangingEntity/]: Hanging entity at invalid position: BlockPos{x=-356, y=26, z=-606}
[02Mar2025 02:56:18.730] [Worker-Main-104/ERROR] [net.minecraft.world.entity.decoration.HangingEntity/]: Hanging entity at invalid position: BlockPos{x=-276, y=27, z=-610}
[02Mar2025 02:56:23.302] [Worker-Main-101/ERROR] [net.minecraft.world.entity.decoration.HangingEntity/]: Hanging entity at invalid position: BlockPos{x=-189, y=35, z=-533}
[02Mar2025 02:56:23.302] [Worker-Main-101/ERROR] [net.minecraft.world.entity.decoration.HangingEntity/]: Hanging entity at invalid position: BlockPos{x=-189, y=36, z=-533}
[02Mar2025 02:56:26.214] [Worker-Main-105/ERROR] [net.minecraft.world.entity.decoration.HangingEntity/]: Hanging entity at invalid position: BlockPos{x=-330, y=27, z=-542}
[02Mar2025 02:56:26.230] [Worker-Main-105/ERROR] [net.minecraft.world.entity.decoration.HangingEntity/]: Hanging entity at invalid position: BlockPos{x=-329, y=27, z=-542}
[02Mar2025 02:56:26.231] [Worker-Main-105/ERROR] [net.minecraft.world.entity.decoration.HangingEntity/]: Hanging entity at invalid position: BlockPos{x=-329, y=32, z=-542}
[02Mar2025 02:57:04.728] [Server thread/WARN] [net.minecraft.world.level.entity.PersistentEntitySectionManager/]: UUID of added entity already exists: FallingBlockEntity['Falling Hanging Coconut'/64902, l='ServerLevel[world]', x=124.50, y=74.00, z=-1026.50]
[02Mar2025 02:57:11.364] [Server thread/WARN] [net.minecraft.world.level.entity.PersistentEntitySectionManager/]: UUID of added entity already exists: FallingBlockEntity['Falling Hanging Coconut'/65062, l='ServerLevel[world]', x=189.50, y=69.00, z=-1125.50]
[02Mar2025 02:57:45.572] [Server thread/WARN] [net.minecraft.world.level.entity.PersistentEntitySectionManager/]: UUID of added entity already exists: FallingBlockEntity['Falling Hanging Coconut'/65617, l='ServerLevel[world]', x=229.50, y=74.00, z=-1003.50]
[02Mar2025 02:58:33.044] [Server thread/WARN] [net.minecraft.world.level.entity.PersistentEntitySectionManager/]: UUID of added entity already exists: FallingBlockEntity['Falling Hanging Coconut'/66023, l='ServerLevel[world]', x=13.50, y=71.00, z=-1396.50]
[02Mar2025 02:59:34.892] [Server thread/WARN] [net.minecraft.world.level.entity.PersistentEntitySectionManager/]: UUID of added entity already exists: FallingBlockEntity['Falling Hanging Coconut'/66296, l='ServerLevel[world]', x=12.50, y=75.00, z=-1442.50]
[02Mar2025 03:01:44.642] [Server thread/WARN] [net.minecraft.world.level.entity.PersistentEntitySectionManager/]: UUID of added entity already exists: FallingBlockEntity['Falling Hanging Coconut'/67135, l='ServerLevel[world]', x=10.50, y=75.00, z=-1440.50]
[02Mar2025 03:02:07.044] [Server thread/WARN] [net.minecraft.world.level.entity.PersistentEntitySectionManager/]: UUID of added entity already exists: FallingBlockEntity['Falling Hanging Coconut'/67292, l='ServerLevel[world]', x=-10.50, y=72.00, z=-1443.50]
[02Mar2025 03:02:12.043] [Server thread/WARN] [net.minecraft.world.level.entity.PersistentEntitySectionManager/]: UUID of added entity already exists: FallingBlockEntity['Falling Hanging Coconut'/67325, l='ServerLevel[world]', x=26.50, y=72.00, z=-1384.50]
[02Mar2025 03:03:31.943] [Server thread/WARN] [net.minecraft.world.level.entity.PersistentEntitySectionManager/]: UUID of added entity already exists: FallingBlockEntity['Falling Hanging Coconut'/67826, l='ServerLevel[world]', x=17.50, y=75.00, z=-1369.50]
[02Mar2025 03:03:57.790] [Server thread/WARN] [net.minecraft.world.level.entity.PersistentEntitySectionManager/]: UUID of added entity already exists: FallingBlockEntity['Falling Hanging Coconut'/67965, l='ServerLevel[world]', x=18.50, y=75.00, z=-1368.50]
[02Mar2025 03:04:09.795] [Server thread/WARN] [net.minecraft.world.level.entity.PersistentEntitySectionManager/]: UUID of added entity already exists: FallingBlockEntity['Falling Hanging Coconut'/68054, l='ServerLevel[world]', x=26.50, y=72.00, z=-1385.50]
[02Mar2025 03:04:31.241] [Server thread/WARN] [net.minecraft.world.level.entity.PersistentEntitySectionManager/]: UUID of added entity already exists: FallingBlockEntity['Falling Hanging Coconut'/68197, l='ServerLevel[world]', x=39.50, y=70.00, z=-1387.50]
[02Mar2025 03:04:59.344] [Server thread/WARN] [net.minecraft.world.level.entity.PersistentEntitySectionManager/]: UUID of added entity already exists: FallingBlockEntity['Falling Hanging Coconut'/68309, l='ServerLevel[world]', x=12.50, y=75.00, z=-1440.50]
[02Mar2025 03:05:40.341] [Server thread/WARN] [net.minecraft.world.level.entity.PersistentEntitySectionManager/]: UUID of added entity already exists: FallingBlockEntity['Falling Hanging Coconut'/68511, l='ServerLevel[world]', x=-5.50, y=72.00, z=-1432.50]
[02Mar2025 03:06:50.340] [Server thread/WARN] [net.minecraft.world.level.entity.PersistentEntitySectionManager/]: UUID of added entity already exists: FallingBlockEntity['Falling Hanging Coconut'/69318, l='ServerLevel[world]', x=67.50, y=70.00, z=-1177.50]
[02Mar2025 03:09:29.766] [Server thread/INFO] [net.minecraft.server.MinecraftServer/]: Lukitas024 has completed the challenge [I wanna touch some melons.]
[02Mar2025 03:10:16.713] [Server thread/INFO] [net.minecraft.server.MinecraftServer/]: gabiino has made the advancement [Magic Writing]
[02Mar2025 03:10:25.661] [Server thread/INFO] [net.minecraft.server.MinecraftServer/]: gabiino has reached the goal [I see clearly now]
[02Mar2025 03:11:39.458] [Server thread/INFO] [net.minecraft.server.players.PlayerList/]: Checho69[/10.244.164.114:61723] logged in with entity id 70430 at (6.5, 132.0, 7.5)
[02Mar2025 03:11:39.467] [Server thread/INFO] [net.minecraft.server.MinecraftServer/]: Checho69 joined the game
[02Mar2025 03:11:39.582] [Server thread/INFO] [net.minecraft.server.MinecraftServer/]: Checho69 has completed the challenge [The Undead]
[02Mar2025 03:11:39.583] [Server thread/INFO] [net.minecraft.server.MinecraftServer/]: Checho69 has made the advancement [Ice and Fire]
[02Mar2025 03:12:43.367] [Server thread/WARN] [net.minecraft.world.level.entity.PersistentEntitySectionManager/]: UUID of added entity already exists: FallingBlockEntity['Falling Hanging Coconut'/71074, l='ServerLevel[world]', x=186.50, y=69.00, z=-1095.50]
[02Mar2025 03:16:42.225] [Server thread/INFO] [net.minecraft.server.MinecraftServer/]: gabiino was slain by Unlicensed Alchemist
[02Mar2025 03:16:42.284] [Server thread/INFO] [tombstone/]: The player gabiino has successfully been saved
[02Mar2025 03:16:42.684] [Server thread/INFO] [net.minecraft.server.MinecraftServer/]: Lukitas024 was slain by Cyclops
[02Mar2025 03:16:42.710] [Server thread/INFO] [tombstone/]: The player Lukitas024 has successfully been saved
[02Mar2025 03:22:22.393] [Server thread/WARN] [net.minecraft.world.level.entity.PersistentEntitySectionManager/]: UUID of added entity already exists: FallingBlockEntity['Falling Hanging Coconut'/75834, l='ServerLevel[world]', x=56.50, y=76.00, z=-1028.50]
[02Mar2025 03:22:52.962] [Server thread/INFO] [net.minecraft.server.MinecraftServer/]: Ninset6 was slain by Skeleton Thrasher
[02Mar2025 03:22:52.980] [Server thread/INFO] [tombstone/]: The player Ninset6 has successfully been saved
[02Mar2025 03:23:55.294] [Server thread/WARN] [net.minecraft.world.level.entity.PersistentEntitySectionManager/]: UUID of added entity already exists: FallingBlockEntity['Falling Hanging Coconut'/77275, l='ServerLevel[world]', x=57.50, y=70.00, z=-1176.50]
[02Mar2025 03:24:16.227] [Server thread/INFO] [net.minecraft.server.MinecraftServer/]: Ninset6 has made the advancement [The Lighthouse]
[02Mar2025 03:25:23.966] [Server thread/INFO] [net.minecraft.server.MinecraftServer/]: gabiino was slain by Ninset6 using [LA ESPADA1]
[02Mar2025 03:25:24.042] [Server thread/INFO] [tombstone/]: The player gabiino has successfully been saved
[02Mar2025 03:25:37.109] [Server thread/INFO] [net.minecraft.server.MinecraftServer/]: Ninset6 was slain by Cyclops
[02Mar2025 03:25:37.144] [Server thread/INFO] [tombstone/]: The player Ninset6 has successfully been saved
[02Mar2025 03:25:51.302] [Server thread/INFO] [net.minecraft.server.network.ServerGamePacketListenerImpl/]: gabiino lost connection: Disconnected
[02Mar2025 03:25:51.303] [Server thread/INFO] [net.minecraft.server.MinecraftServer/]: gabiino left the game
[02Mar2025 03:26:05.645] [Server thread/WARN] [net.minecraft.world.level.entity.PersistentEntitySectionManager/]: UUID of added entity already exists: FallingBlockEntity['Falling Hanging Coconut'/78919, l='ServerLevel[world]', x=41.50, y=72.00, z=-1172.50]
[02Mar2025 03:26:32.345] [Server thread/INFO] [net.minecraft.server.players.PlayerList/]: gabiino[/10.244.201.19:51924] logged in with entity id 79155 at (54.448154013472276, 73.0, -957.9269011537211)
[02Mar2025 03:26:32.354] [Server thread/INFO] [net.minecraft.server.MinecraftServer/]: gabiino joined the game
[02Mar2025 03:26:38.821] [Server thread/INFO] [net.minecraft.server.MinecraftServer/]: Checho69 has made the advancement [Alex's Mobs]
[02Mar2025 03:27:09.693] [Server thread/WARN] [net.minecraft.world.level.entity.PersistentEntitySectionManager/]: UUID of added entity already exists: FallingBlockEntity['Falling Hanging Coconut'/79792, l='ServerLevel[world]', x=40.50, y=72.00, z=-1174.50]
[02Mar2025 03:27:19.260] [Server thread/INFO] [net.minecraft.server.MinecraftServer/]: Lukitas024 was slain by Nightmare Stalker
[02Mar2025 03:27:19.284] [Server thread/INFO] [tombstone/]: The player Lukitas024 has successfully been saved
[02Mar2025 03:27:21.058] [Server thread/INFO] [net.minecraft.server.MinecraftServer/]: Ninset6 was slain by Cyclops
[02Mar2025 03:27:21.089] [Server thread/INFO] [tombstone/]: The player Ninset6 has successfully been saved
[02Mar2025 03:28:55.230] [Server thread/INFO] [net.minecraft.server.MinecraftServer/]: gabiino was slain by Cyclops
[02Mar2025 03:28:55.275] [Server thread/INFO] [tombstone/]: The player gabiino has successfully been saved
[02Mar2025 03:29:49.906] [Server thread/INFO] [net.minecraft.server.MinecraftServer/]: Ninset6 was slain by Cyclops
[02Mar2025 03:29:49.934] [Server thread/INFO] [tombstone/]: The player Ninset6 has successfully been saved
[02Mar2025 03:29:52.737] [Server thread/INFO] [net.minecraft.server.MinecraftServer/]: Lukitas024 was slain by Cyclops
[02Mar2025 03:29:52.766] [Server thread/INFO] [tombstone/]: The player Lukitas024 has successfully been saved
[02Mar2025 03:30:26.858] [Server thread/INFO] [net.minecraft.server.MinecraftServer/]: gabiino was slain by Cyclops
[02Mar2025 03:30:26.885] [Server thread/INFO] [tombstone/]: The player gabiino has successfully been saved
[02Mar2025 03:31:54.907] [Server thread/INFO] [net.minecraft.server.MinecraftServer/]: Lukitas024 was slain by Cyclops
[02Mar2025 03:31:54.948] [Server thread/INFO] [tombstone/]: The player Lukitas024 has successfully been saved
[02Mar2025 03:31:57.287] [Server thread/INFO] [net.minecraft.server.MinecraftServer/]: gabiino was slain by Cyclops
[02Mar2025 03:31:57.320] [Server thread/INFO] [tombstone/]: The player gabiino has successfully been saved
[02Mar2025 03:31:57.963] [Server thread/INFO] [net.minecraft.server.MinecraftServer/]: Ninset6 was slain by Cyclops
[02Mar2025 03:31:58.029] [Server thread/INFO] [tombstone/]: The player Ninset6 has successfully been saved
[02Mar2025 03:32:38.613] [Server thread/INFO] [net.minecraft.server.MinecraftServer/]: gabiino has made the advancement [Hot Stuff]
[02Mar2025 03:33:24.015] [Server thread/INFO] [net.minecraft.server.MinecraftServer/]: Ninset6 was slain by Cyclops
[02Mar2025 03:33:24.032] [Server thread/INFO] [tombstone/]: The player Ninset6 has successfully been saved
[02Mar2025 03:34:20.953] [Server thread/INFO] [net.minecraft.server.MinecraftServer/]: gabiino was slain by Cyclops
[02Mar2025 03:34:20.972] [Server thread/INFO] [tombstone/]: The player gabiino has successfully been saved
[02Mar2025 03:35:21.609] [Server thread/INFO] [net.minecraft.server.MinecraftServer/]: Ninset6 was slain by Cyclops
[02Mar2025 03:35:21.638] [Server thread/INFO] [tombstone/]: The player Ninset6 has successfully been saved
[02Mar2025 03:37:11.472] [Server thread/INFO] [net.minecraft.server.MinecraftServer/]: Ninset6 has made the advancement [My Name is Nobody]
[02Mar2025 03:37:27.217] [Server thread/INFO] [net.minecraft.server.network.ServerGamePacketListenerImpl/]: Checho69 lost connection: Timed out
[02Mar2025 03:37:27.217] [Server thread/INFO] [net.minecraft.server.MinecraftServer/]: Checho69 left the game
[02Mar2025 03:38:40.104] [Worker-Main-147/ERROR] [net.minecraft.world.entity.decoration.HangingEntity/]: Hanging entity at invalid position: BlockPos{x=-249, y=27, z=-561}
[02Mar2025 03:40:03.081] [Server thread/INFO] [net.minecraft.server.MinecraftServer/]: gabiino has made the advancement [Book of Monsters]
[02Mar2025 03:40:14.116] [Server thread/INFO] [net.minecraft.server.MinecraftServer/]: Lukitas024 has made the advancement [Book of Monsters]
[02Mar2025 03:40:35.769] [Server thread/WARN] [net.minecraft.world.level.entity.PersistentEntitySectionManager/]: UUID of added entity already exists: FallingBlockEntity['Falling Hanging Coconut'/92124, l='ServerLevel[world]', x=249.50, y=74.00, z=-1246.50]
[02Mar2025 03:40:52.206] [Server thread/INFO] [net.minecraft.server.MinecraftServer/]: Lukitas024 has made the advancement [Who You Gonna Call?]
[02Mar2025 03:41:06.041] [Server thread/WARN] [net.minecraft.world.level.entity.PersistentEntitySectionManager/]: UUID of added entity already exists: FallingBlockEntity['Falling Hanging Coconut'/95455, l='ServerLevel[world]', x=209.50, y=71.00, z=-1247.50]
[02Mar2025 03:41:49.032] [Server thread/INFO] [net.minecraft.server.players.PlayerList/]: Checho69[/10.244.164.114:63117] logged in with entity id 96531 at (-0.6530341544996393, 115.0, -102.69999998807907)
[02Mar2025 03:41:49.041] [Server thread/INFO] [net.minecraft.server.MinecraftServer/]: Checho69 joined the game
[02Mar2025 03:41:54.243] [Server thread/WARN] [net.minecraft.world.level.entity.PersistentEntitySectionManager/]: UUID of added entity already exists: FallingBlockEntity['Falling Hanging Coconut'/96763, l='ServerLevel[world]', x=282.50, y=72.00, z=-1404.50]
[02Mar2025 03:42:03.144] [Server thread/WARN] [net.minecraft.world.level.entity.PersistentEntitySectionManager/]: UUID of added entity already exists: FallingBlockEntity['Falling Hanging Coconut'/96791, l='ServerLevel[world]', x=210.50, y=71.00, z=-1249.50]
[02Mar2025 03:42:03.693] [Server thread/WARN] [net.minecraft.world.level.entity.PersistentEntitySectionManager/]: UUID of added entity already exists: FallingBlockEntity['Falling Hanging Coconut'/96792, l='ServerLevel[world]', x=353.50, y=69.00, z=-1388.50]
[02Mar2025 03:42:05.657] [Server thread/WARN] [net.minecraft.world.level.entity.PersistentEntitySectionManager/]: UUID of added entity already exists: FallingBlockEntity['Falling Hanging Coconut'/96811, l='ServerLevel[world]', x=280.50, y=72.00, z=-1404.50]
[02Mar2025 03:42:18.041] [Server thread/WARN] [net.minecraft.world.level.entity.PersistentEntitySectionManager/]: UUID of added entity already exists: FallingBlockEntity['Falling Hanging Coconut'/97769, l='ServerLevel[world]', x=380.50, y=69.00, z=-1406.50]
[02Mar2025 03:42:44.335] [Server thread/WARN] [net.minecraft.world.level.entity.PersistentEntitySectionManager/]: UUID of added entity already exists: FallingBlockEntity['Falling Hanging Coconut'/98968, l='ServerLevel[world]', x=360.50, y=71.00, z=-1398.50]
[02Mar2025 03:42:46.468] [Server thread/INFO] [net.minecraft.server.MinecraftServer/]: Checho69 was slain by The Wheezer
[02Mar2025 03:42:46.469] [Server thread/INFO] [net.minecraft.server.MinecraftServer/]: Checho69 has made the advancement [Your First Grave]
[02Mar2025 03:42:46.483] [Server thread/INFO] [tombstone/]: The player Checho69 has successfully been saved
[02Mar2025 03:43:06.741] [Server thread/WARN] [net.minecraft.world.level.entity.PersistentEntitySectionManager/]: UUID of added entity already exists: FallingBlockEntity['Falling Hanging Coconut'/99992, l='ServerLevel[world]', x=380.50, y=69.00, z=-1404.50]
[02Mar2025 03:43:09.841] [Server thread/WARN] [net.minecraft.world.level.entity.PersistentEntitySectionManager/]: UUID of added entity already exists: FallingBlockEntity['Falling Hanging Coconut'/100018, l='ServerLevel[world]', x=359.50, y=71.00, z=-1399.50]
[02Mar2025 03:43:17.640] [Server thread/WARN] [net.minecraft.world.level.entity.PersistentEntitySectionManager/]: UUID of added entity already exists: FallingBlockEntity['Falling Hanging Coconut'/100050, l='ServerLevel[world]', x=250.50, y=74.00, z=-1247.50]
[02Mar2025 03:43:18.160] [Server thread/INFO] [net.minecraft.world.entity.npc.Villager/]: Villager Villager['Villager'/89968, l='ServerLevel[world]', x=327.68, y=65.00, z=-1325.21] died, message: 'Villager was slain by Zombie'
[02Mar2025 03:43:23.392] [Server thread/WARN] [net.minecraft.world.level.entity.PersistentEntitySectionManager/]: UUID of added entity already exists: FallingBlockEntity['Falling Hanging Coconut'/100067, l='ServerLevel[world]', x=209.50, y=71.00, z=-1248.50]
[02Mar2025 03:43:34.011] [Server thread/INFO] [net.minecraft.world.entity.npc.Villager/]: Villager Villager['Villager'/89969, l='ServerLevel[world]', x=331.59, y=65.00, z=-1316.02] died, message: 'Villager was slain by Zombie'
[02Mar2025 03:43:39.092] [Server thread/WARN] [net.minecraft.world.level.entity.PersistentEntitySectionManager/]: UUID of added entity already exists: FallingBlockEntity['Falling Hanging Coconut'/100112, l='ServerLevel[world]', x=352.50, y=69.00, z=-1388.50]
[02Mar2025 03:43:53.040] [Server thread/WARN] [net.minecraft.world.level.entity.PersistentEntitySectionManager/]: UUID of added entity already exists: FallingBlockEntity['Falling Hanging Coconut'/100158, l='ServerLevel[world]', x=186.50, y=71.00, z=-1248.50]
[02Mar2025 03:43:59.989] [Server thread/WARN] [net.minecraft.world.level.entity.PersistentEntitySectionManager/]: UUID of added entity already exists: FallingBlockEntity['Falling Hanging Coconut'/100177, l='ServerLevel[world]', x=359.50, y=71.00, z=-1398.50]
[02Mar2025 03:44:00.154] [Server thread/INFO] [net.minecraft.world.entity.npc.Villager/]: Villager Villager['Villager'/90234, l='ServerLevel[world]', x=340.70, y=65.00, z=-1323.37] died, message: 'Villager was slain by Zombie'
[02Mar2025 03:44:01.839] [Server thread/WARN] [net.minecraft.world.level.entity.PersistentEntitySectionManager/]: UUID of added entity already exists: FallingBlockEntity['Falling Hanging Coconut'/100183, l='ServerLevel[world]', x=356.50, y=71.00, z=-1368.50]
[02Mar2025 03:44:26.293] [Server thread/WARN] [net.minecraft.world.level.entity.PersistentEntitySectionManager/]: UUID of added entity already exists: FallingBlockEntity['Falling Hanging Coconut'/100448, l='ServerLevel[world]', x=352.50, y=69.00, z=-1390.50]
[02Mar2025 03:44:55.494] [Server thread/WARN] [net.minecraft.world.level.entity.PersistentEntitySectionManager/]: UUID of added entity already exists: FallingBlockEntity['Falling Hanging Coconut'/100550, l='ServerLevel[world]', x=330.50, y=73.00, z=-1395.50]
[02Mar2025 03:44:56.543] [Server thread/WARN] [net.minecraft.world.level.entity.PersistentEntitySectionManager/]: UUID of added entity already exists: FallingBlockEntity['Falling Hanging Coconut'/100552, l='ServerLevel[world]', x=396.50, y=73.00, z=-1373.50]
[02Mar2025 03:45:09.543] [Server thread/WARN] [net.minecraft.world.level.entity.PersistentEntitySectionManager/]: UUID of added entity already exists: FallingBlockEntity['Falling Hanging Coconut'/100603, l='ServerLevel[world]', x=249.50, y=74.00, z=-1248.50]
[02Mar2025 03:45:09.718] [Server thread/WARN] [net.minecraft.world.level.entity.PersistentEntitySectionManager/]: UUID of added entity already exists: FallingBlockEntity['Falling Hanging Coconut'/100604, l='ServerLevel[world]', x=188.50, y=71.00, z=-1247.50]
[02Mar2025 03:45:22.297] [Server thread/WARN] [net.minecraft.world.level.entity.PersistentEntitySectionManager/]: UUID of added entity already exists: FallingBlockEntity['Falling Hanging Coconut'/100717, l='ServerLevel[world]', x=281.50, y=72.00, z=-1402.50]
[02Mar2025 03:45:31.475] [Server thread/INFO] [net.minecraft.world.entity.npc.Villager/]: Villager Villager['Villager'/90239, l='ServerLevel[world]', x=278.34, y=61.94, z=-1317.50] died, message: 'Villager was slain by Ghost'
[02Mar2025 03:45:40.641] [Server thread/WARN] [net.minecraft.world.level.entity.PersistentEntitySectionManager/]: UUID of added entity already exists: FallingBlockEntity['Falling Hanging Coconut'/100872, l='ServerLevel[world]', x=382.50, y=69.00, z=-1404.50]
[02Mar2025 03:45:46.493] [Server thread/WARN] [net.minecraft.world.level.entity.PersistentEntitySectionManager/]: UUID of added entity already exists: FallingBlockEntity['Falling Hanging Coconut'/100910, l='ServerLevel[world]', x=353.50, y=69.00, z=-1389.50]
[02Mar2025 03:45:51.169] [Server thread/INFO] [net.minecraft.world.entity.npc.Villager/]: Villager Villager['Villager'/89967, l='ServerLevel[world]', x=256.33, y=63.00, z=-1326.64] died, message: 'Villager was slain by Ghost'
[02Mar2025 03:46:22.342] [Server thread/WARN] [net.minecraft.world.level.entity.PersistentEntitySectionManager/]: UUID of added entity already exists: FallingBlockEntity['Falling Hanging Coconut'/101346, l='ServerLevel[world]', x=331.50, y=73.00, z=-1394.50]
[02Mar2025 03:46:51.093] [Server thread/WARN] [net.minecraft.world.level.entity.PersistentEntitySectionManager/]: UUID of added entity already exists: FallingBlockEntity['Falling Hanging Coconut'/101664, l='ServerLevel[world]', x=262.50, y=71.00, z=-1271.50]
[02Mar2025 03:46:54.369] [Server thread/INFO] [net.minecraft.server.MinecraftServer/]: Checho69 was slain by Baby Skeleton
[02Mar2025 03:46:54.384] [Server thread/INFO] [tombstone/]: The player Checho69 has successfully been saved
[02Mar2025 03:46:54.395] [Server thread/WARN] [net.minecraft.world.level.entity.PersistentEntitySectionManager/]: UUID of added entity already exists: FallingBlockEntity['Falling Hanging Coconut'/101685, l='ServerLevel[world]', x=258.50, y=72.00, z=-1258.50]
[02Mar2025 03:46:58.240] [Server thread/WARN] [net.minecraft.world.level.entity.PersistentEntitySectionManager/]: UUID of added entity already exists: FallingBlockEntity['Falling Hanging Coconut'/101708, l='ServerLevel[world]', x=258.50, y=72.00, z=-1260.50]
[02Mar2025 03:47:02.792] [Server thread/WARN] [net.minecraft.world.level.entity.PersistentEntitySectionManager/]: UUID of added entity already exists: FallingBlockEntity['Falling Hanging Coconut'/101784, l='ServerLevel[world]', x=248.50, y=74.00, z=-1246.50]
[02Mar2025 03:47:03.441] [Server thread/WARN] [net.minecraft.world.level.entity.PersistentEntitySectionManager/]: UUID of added entity already exists: FallingBlockEntity['Falling Hanging Coconut'/101798, l='ServerLevel[world]', x=372.50, y=75.00, z=-1351.50]
[02Mar2025 03:47:28.490] [Server thread/WARN] [net.minecraft.world.level.entity.PersistentEntitySectionManager/]: UUID of added entity already exists: FallingBlockEntity['Falling Hanging Coconut'/102710, l='ServerLevel[world]', x=250.50, y=74.00, z=-1248.50]
[02Mar2025 03:47:45.044] [Server thread/WARN] [net.minecraft.world.level.entity.PersistentEntitySectionManager/]: UUID of added entity already exists: FallingBlockEntity['Falling Hanging Coconut'/103139, l='ServerLevel[world]', x=394.50, y=73.00, z=-1371.50]
[02Mar2025 03:47:48.242] [Server thread/WARN] [net.minecraft.world.level.entity.PersistentEntitySectionManager/]: UUID of added entity already exists: FallingBlockEntity['Falling Hanging Coconut'/103152, l='ServerLevel[world]', x=258.50, y=72.00, z=-1259.50]
[02Mar2025 03:47:50.461] [Server thread/INFO] [net.minecraft.server.MinecraftServer/]: Ninset6 was slain by Slugger
[02Mar2025 03:47:50.483] [Server thread/INFO] [tombstone/]: The player Ninset6 has successfully been saved
[02Mar2025 03:47:57.679] [Server thread/INFO] [net.minecraft.server.MinecraftServer/]: gabiino was slain by Slugger
[02Mar2025 03:47:57.730] [Server thread/INFO] [tombstone/]: The player gabiino has successfully been saved
[02Mar2025 03:47:59.587] [Server thread/INFO] [net.minecraft.server.network.ServerGamePacketListenerImpl/]: Checho69 lost connection: Disconnected
[02Mar2025 03:47:59.588] [Server thread/INFO] [net.minecraft.server.MinecraftServer/]: Checho69 left the game
[02Mar2025 03:48:05.391] [Server thread/WARN] [net.minecraft.world.level.entity.PersistentEntitySectionManager/]: UUID of added entity already exists: FallingBlockEntity['Falling Hanging Coconut'/103354, l='ServerLevel[world]', x=282.50, y=72.00, z=-1402.50]
[02Mar2025 03:48:41.164] [Server thread/INFO] [net.minecraft.server.MinecraftServer/]: gabiino has made the advancement [Cover Me with Diamonds]
[02Mar2025 03:49:14.991] [Server thread/WARN] [net.minecraft.world.level.entity.PersistentEntitySectionManager/]: UUID of added entity already exists: FallingBlockEntity['Falling Hanging Coconut'/104002, l='ServerLevel[world]', x=396.50, y=73.00, z=-1372.50]
[02Mar2025 03:49:39.339] [Server thread/WARN] [net.minecraft.world.level.entity.PersistentEntitySectionManager/]: UUID of added entity already exists: FallingBlockEntity['Falling Hanging Coconut'/104259, l='ServerLevel[world]', x=356.50, y=71.00, z=-1366.50]
[02Mar2025 03:49:56.194] [Server thread/WARN] [net.minecraft.world.level.entity.PersistentEntitySectionManager/]: UUID of added entity already exists: FallingBlockEntity['Falling Hanging Coconut'/104331, l='ServerLevel[world]', x=250.50, y=74.00, z=-1246.50]
[02Mar2025 03:50:03.692] [Server thread/WARN] [net.minecraft.world.level.entity.PersistentEntitySectionManager/]: UUID of added entity already exists: FallingBlockEntity['Falling Hanging Coconut'/104347, l='ServerLevel[world]', x=248.50, y=74.00, z=-1247.50]
[02Mar2025 03:50:04.598] [Server thread/WARN] [net.minecraft.world.level.entity.PersistentEntitySectionManager/]: UUID of added entity already exists: FallingBlockEntity['Falling Hanging Coconut'/104351, l='ServerLevel[world]', x=373.50, y=75.00, z=-1350.50]
[02Mar2025 03:50:34.042] [Server thread/WARN] [net.minecraft.world.level.entity.PersistentEntitySectionManager/]: UUID of added entity already exists: FallingBlockEntity['Falling Hanging Coconut'/105366, l='ServerLevel[world]', x=389.50, y=72.00, z=-1376.50]
[02Mar2025 03:51:09.740] [Server thread/WARN] [net.minecraft.world.level.entity.PersistentEntitySectionManager/]: UUID of added entity already exists: FallingBlockEntity['Falling Hanging Coconut'/105507, l='ServerLevel[world]', x=394.50, y=73.00, z=-1372.50]
[02Mar2025 03:51:12.039] [Server thread/WARN] [net.minecraft.world.level.entity.PersistentEntitySectionManager/]: UUID of added entity already exists: FallingBlockEntity['Falling Hanging Coconut'/105526, l='ServerLevel[world]', x=396.50, y=73.00, z=-1371.50]
[02Mar2025 03:51:27.290] [Server thread/WARN] [net.minecraft.world.level.entity.PersistentEntitySectionManager/]: UUID of added entity already exists: FallingBlockEntity['Falling Hanging Coconut'/105593, l='ServerLevel[world]', x=309.50, y=72.00, z=-1399.50]
[02Mar2025 03:51:39.118] [Server thread/INFO] [net.minecraft.server.network.ServerGamePacketListenerImpl/]: gabiino lost connection: Disconnected
[02Mar2025 03:51:39.118] [Server thread/INFO] [net.minecraft.server.MinecraftServer/]: gabiino left the game
[02Mar2025 03:51:39.738] [Server thread/WARN] [net.minecraft.world.level.entity.PersistentEntitySectionManager/]: UUID of added entity already exists: FallingBlockEntity['Falling Hanging Coconut'/105653, l='ServerLevel[world]', x=332.50, y=73.00, z=-1395.50]
[02Mar2025 03:51:41.990] [Server thread/WARN] [net.minecraft.world.level.entity.PersistentEntitySectionManager/]: UUID of added entity already exists: FallingBlockEntity['Falling Hanging Coconut'/105662, l='ServerLevel[world]', x=311.50, y=72.00, z=-1400.50]
[02Mar2025 03:52:02.890] [Server thread/WARN] [net.minecraft.world.level.entity.PersistentEntitySectionManager/]: UUID of added entity already exists: FallingBlockEntity['Falling Hanging Coconut'/105761, l='ServerLevel[world]', x=259.50, y=72.00, z=-1406.50]
[02Mar2025 03:52:24.291] [Server thread/WARN] [net.minecraft.world.level.entity.PersistentEntitySectionManager/]: UUID of added entity already exists: FallingBlockEntity['Falling Hanging Coconut'/105855, l='ServerLevel[world]', x=256.50, y=72.00, z=-1259.50]
[02Mar2025 03:52:58.366] [Server thread/INFO] [net.minecraft.server.network.ServerGamePacketListenerImpl/]: Lukitas024 lost connection: Disconnected
[02Mar2025 03:52:58.366] [Server thread/INFO] [net.minecraft.server.MinecraftServer/]: Lukitas024 left the game
[02Mar2025 03:53:00.675] [Server thread/INFO] [net.minecraft.server.network.ServerGamePacketListenerImpl/]: Ninset6 lost connection: Disconnected
[02Mar2025 03:53:00.675] [Server thread/INFO] [net.minecraft.server.MinecraftServer/]: Ninset6 left the game
[02Mar2025 03:53:14.792] [Server thread/INFO] [net.minecraft.server.MinecraftServer/]: Stopping the server
[02Mar2025 03:53:14.839] [Server thread/INFO] [net.minecraft.server.MinecraftServer/]: Stopping server
[02Mar2025 03:53:14.839] [Server thread/INFO] [net.minecraft.server.MinecraftServer/]: Saving players
[02Mar2025 03:53:14.839] [Server thread/INFO] [net.minecraft.server.MinecraftServer/]: Saving worlds
[02Mar2025 03:53:15.153] [Server thread/INFO] [net.minecraft.server.MinecraftServer/]: Saving chunks for level 'ServerLevel[world]'/minecraft:overworld
[02Mar2025 03:53:15.851] [Server thread/INFO] [net.minecraft.server.MinecraftServer/]: Saving chunks for level 'ServerLevel[world]'/ad_astra:glacio
[02Mar2025 03:53:15.852] [Server thread/INFO] [net.minecraft.server.MinecraftServer/]: Saving chunks for level 'ServerLevel[world]'/ad_astra:mercury
[02Mar2025 03:53:15.853] [Server thread/INFO] [net.minecraft.server.MinecraftServer/]: Saving chunks for level 'ServerLevel[world]'/ad_astra:venus
[02Mar2025 03:53:15.853] [Server thread/INFO] [net.minecraft.server.MinecraftServer/]: Saving chunks for level 'ServerLevel[world]'/ad_astra:moon
[02Mar2025 03:53:15.854] [Server thread/INFO] [net.minecraft.server.MinecraftServer/]: Saving chunks for level 'ServerLevel[world]'/deeperdarker:otherside
[02Mar2025 03:53:15.854] [Server thread/INFO] [net.minecraft.server.MinecraftServer/]: Saving chunks for level 'ServerLevel[world]'/aether:the_aether
[02Mar2025 03:53:15.855] [Server thread/INFO] [net.minecraft.server.MinecraftServer/]: Saving chunks for level 'ServerLevel[world]'/minecraft:the_end
[02Mar2025 03:53:15.855] [Server thread/INFO] [net.minecraft.server.MinecraftServer/]: Saving chunks for level 'ServerLevel[world]'/ad_astra:mars
[02Mar2025 03:53:15.856] [Server thread/INFO] [net.minecraft.server.MinecraftServer/]: Saving chunks for level 'ServerLevel[world]'/ad_astra:glacio_orbit
[02Mar2025 03:53:15.856] [Server thread/INFO] [net.minecraft.server.MinecraftServer/]: Saving chunks for level 'ServerLevel[world]'/ad_astra:mercury_orbit
[02Mar2025 03:53:15.857] [Server thread/INFO] [net.minecraft.server.MinecraftServer/]: Saving chunks for level 'ServerLevel[world]'/ad_astra:earth_orbit
[02Mar2025 03:53:15.857] [Server thread/INFO] [net.minecraft.server.MinecraftServer/]: Saving chunks for level 'ServerLevel[world]'/minecraft:the_nether
[02Mar2025 03:53:15.858] [Server thread/INFO] [net.minecraft.server.MinecraftServer/]: Saving chunks for level 'ServerLevel[world]'/ad_astra:mars_orbit
[02Mar2025 03:53:15.858] [Server thread/INFO] [net.minecraft.server.MinecraftServer/]: Saving chunks for level 'ServerLevel[world]'/twilightforest:twilight_forest
[02Mar2025 03:53:15.859] [Server thread/INFO] [net.minecraft.server.MinecraftServer/]: Saving chunks for level 'ServerLevel[world]'/ad_astra:moon_orbit
[02Mar2025 03:53:15.859] [Server thread/INFO] [net.minecraft.server.MinecraftServer/]: Saving chunks for level 'ServerLevel[world]'/ad_astra:venus_orbit
[02Mar2025 03:53:15.907] [Server thread/INFO] [net.minecraft.server.MinecraftServer/]: ThreadedAnvilChunkStorage (world): All chunks are saved
[02Mar2025 03:53:15.908] [Server thread/INFO] [net.minecraft.server.MinecraftServer/]: ThreadedAnvilChunkStorage (glacio): All chunks are saved
[02Mar2025 03:53:15.908] [Server thread/INFO] [net.minecraft.server.MinecraftServer/]: ThreadedAnvilChunkStorage (mercury): All chunks are saved
[02Mar2025 03:53:15.908] [Server thread/INFO] [net.minecraft.server.MinecraftServer/]: ThreadedAnvilChunkStorage (venus): All chunks are saved
[02Mar2025 03:53:15.908] [Server thread/INFO] [net.minecraft.server.MinecraftServer/]: ThreadedAnvilChunkStorage (moon): All chunks are saved
[02Mar2025 03:53:15.908] [Server thread/INFO] [net.minecraft.server.MinecraftServer/]: ThreadedAnvilChunkStorage (otherside): All chunks are saved
[02Mar2025 03:53:15.908] [Server thread/INFO] [net.minecraft.server.MinecraftServer/]: ThreadedAnvilChunkStorage (the_aether): All chunks are saved
[02Mar2025 03:53:15.908] [Server thread/INFO] [net.minecraft.server.MinecraftServer/]: ThreadedAnvilChunkStorage (DIM1): All chunks are saved
[02Mar2025 03:53:15.908] [Server thread/INFO] [net.minecraft.server.MinecraftServer/]: ThreadedAnvilChunkStorage (mars): All chunks are saved
[02Mar2025 03:53:15.908] [Server thread/INFO] [net.minecraft.server.MinecraftServer/]: ThreadedAnvilChunkStorage (glacio_orbit): All chunks are saved
[02Mar2025 03:53:15.908] [Server thread/INFO] [net.minecraft.server.MinecraftServer/]: ThreadedAnvilChunkStorage (mercury_orbit): All chunks are saved
[02Mar2025 03:53:15.908] [Server thread/INFO] [net.minecraft.server.MinecraftServer/]: ThreadedAnvilChunkStorage (earth_orbit): All chunks are saved
[02Mar2025 03:53:15.909] [Server thread/INFO] [net.minecraft.server.MinecraftServer/]: ThreadedAnvilChunkStorage (DIM-1): All chunks are saved
[02Mar2025 03:53:15.909] [Server thread/INFO] [net.minecraft.server.MinecraftServer/]: ThreadedAnvilChunkStorage (mars_orbit): All chunks are saved
[02Mar2025 03:53:15.909] [Server thread/INFO] [net.minecraft.server.MinecraftServer/]: ThreadedAnvilChunkStorage (twilight_forest): All chunks are saved
[02Mar2025 03:53:15.909] [Server thread/INFO] [net.minecraft.server.MinecraftServer/]: ThreadedAnvilChunkStorage (moon_orbit): All chunks are saved
[02Mar2025 03:53:15.909] [Server thread/INFO] [net.minecraft.server.MinecraftServer/]: ThreadedAnvilChunkStorage (venus_orbit): All chunks are saved
[02Mar2025 03:53:15.909] [Server thread/INFO] [net.minecraft.server.MinecraftServer/]: ThreadedAnvilChunkStorage: All dimensions are saved
